[2026-03-26T11:38:17.379+0000] {local_task_job_runner.py:123} INFO - ::group::Pre task execution logs
[2026-03-26T11:38:17.436+0000] {taskinstance.py:2613} INFO - Dependencies all met for dep_context=non-requeueable deps ti=<TaskInstance: lithuania_weather_analysis.plot_weather_anomalies manual__2026-03-26T11:38:09.222822+00:00 [queued]>
[2026-03-26T11:38:17.457+0000] {taskinstance.py:2613} INFO - Dependencies all met for dep_context=requeueable deps ti=<TaskInstance: lithuania_weather_analysis.plot_weather_anomalies manual__2026-03-26T11:38:09.222822+00:00 [queued]>
[2026-03-26T11:38:17.457+0000] {taskinstance.py:2866} INFO - Starting attempt 1 of 2
[2026-03-26T11:38:17.487+0000] {taskinstance.py:2889} INFO - Executing <Task(PythonOperator): plot_weather_anomalies> on 2026-03-26 11:38:09.222822+00:00
[2026-03-26T11:38:17.497+0000] {standard_task_runner.py:72} INFO - Started process 219 to run task
[2026-03-26T11:38:17.503+0000] {standard_task_runner.py:104} INFO - Running: ['***', 'tasks', 'run', 'lithuania_weather_analysis', 'plot_weather_anomalies', 'manual__2026-03-26T11:38:09.222822+00:00', '--job-id', '48', '--raw', '--subdir', 'DAGS_FOLDER/weather_lithuania_dag.py', '--cfg-path', '/tmp/tmp5ew6rz0j']
[2026-03-26T11:38:17.508+0000] {standard_task_runner.py:105} INFO - Job 48: Subtask plot_weather_anomalies
[2026-03-26T11:38:17.731+0000] {task_command.py:467} INFO - Running <TaskInstance: lithuania_weather_analysis.plot_weather_anomalies manual__2026-03-26T11:38:09.222822+00:00 [running]> on host 1b3618507d17
[2026-03-26T11:38:18.379+0000] {taskinstance.py:3132} INFO - Exporting env vars: AIRFLOW_CTX_DAG_OWNER='***' AIRFLOW_CTX_DAG_ID='lithuania_weather_analysis' AIRFLOW_CTX_TASK_ID='plot_weather_anomalies' AIRFLOW_CTX_EXECUTION_DATE='2026-03-26T11:38:09.222822+00:00' AIRFLOW_CTX_TRY_NUMBER='1' AIRFLOW_CTX_DAG_RUN_ID='manual__2026-03-26T11:38:09.222822+00:00'
[2026-03-26T11:38:18.381+0000] {taskinstance.py:731} INFO - ::endgroup::
[2026-03-26T11:38:18.421+0000] {weather_lithuania_dag.py:59} INFO - Running: /home/***/.local/bin/python /opt/***/project/python/weather_plot.py --annual-input /opt/***/project/python/output/weather/annual_summary.csv --summary-input /opt/***/project/python/output/weather/ytd_summary.json --city-summary-input /opt/***/project/python/output/weather/city_ytd_summary.json --country-daily-input /opt/***/project/python/output/weather/country_daily_anomalies.csv --country-monthly-input /opt/***/project/python/output/weather/country_monthly_anomalies.csv --city-daily-input /opt/***/project/python/output/weather/city_daily_anomalies.csv --city-monthly-input /opt/***/project/python/output/weather/city_monthly_anomalies.csv --city-plots-dir /opt/***/project/python/output/weather/cities --output /opt/***/project/python/output/weather/weather_anomalies.png
[2026-03-26T11:38:31.524+0000] {weather_lithuania_dag.py:64} INFO - Saved weather anomaly plot to /opt/***/project/python/output/weather/weather_anomalies.png
Saved city weather plot to /opt/***/project/python/output/weather/cities/kaunas.png
Saved city weather plot to /opt/***/project/python/output/weather/cities/klaipeda.png
Saved city weather plot to /opt/***/project/python/output/weather/cities/panevezys.png
Saved city weather plot to /opt/***/project/python/output/weather/cities/siauliai.png
Saved city weather plot to /opt/***/project/python/output/weather/cities/vilnius.png

[2026-03-26T11:38:31.525+0000] {python.py:240} INFO - Done. Returned value was: None
[2026-03-26T11:38:31.580+0000] {taskinstance.py:340} INFO - ::group::Post task execution logs
[2026-03-26T11:38:31.581+0000] {taskinstance.py:352} INFO - Marking task as SUCCESS. dag_id=lithuania_weather_analysis, task_id=plot_weather_anomalies, run_id=manual__2026-03-26T11:38:09.222822+00:00, execution_date=20260326T113809, start_date=20260326T113817, end_date=20260326T113831
[2026-03-26T11:38:31.686+0000] {local_task_job_runner.py:266} INFO - Task exited with return code 0
[2026-03-26T11:38:31.768+0000] {taskinstance.py:3895} INFO - 0 downstream tasks scheduled from follow-on schedule check
[2026-03-26T11:38:31.775+0000] {local_task_job_runner.py:245} INFO - ::endgroup::
