[2026-03-26T10:45:54.834+0000] {local_task_job_runner.py:123} INFO - ::group::Pre task execution logs
[2026-03-26T10:45:54.868+0000] {taskinstance.py:2613} INFO - Dependencies all met for dep_context=non-requeueable deps ti=<TaskInstance: lithuania_weather_analysis.wait_for_flink_jobmanager scheduled__2026-03-25T06:00:00+00:00 [queued]>
[2026-03-26T10:45:54.880+0000] {taskinstance.py:2613} INFO - Dependencies all met for dep_context=requeueable deps ti=<TaskInstance: lithuania_weather_analysis.wait_for_flink_jobmanager scheduled__2026-03-25T06:00:00+00:00 [queued]>
[2026-03-26T10:45:54.880+0000] {taskinstance.py:2866} INFO - Starting attempt 1 of 2
[2026-03-26T10:45:54.898+0000] {taskinstance.py:2889} INFO - Executing <Task(PythonSensor): wait_for_flink_jobmanager> on 2026-03-25 06:00:00+00:00
[2026-03-26T10:45:54.904+0000] {standard_task_runner.py:72} INFO - Started process 782 to run task
[2026-03-26T10:45:54.908+0000] {standard_task_runner.py:104} INFO - Running: ['***', 'tasks', 'run', 'lithuania_weather_analysis', 'wait_for_flink_jobmanager', 'scheduled__2026-03-25T06:00:00+00:00', '--job-id', '34', '--raw', '--subdir', 'DAGS_FOLDER/weather_lithuania_dag.py', '--cfg-path', '/tmp/tmp0aonbxwi']
[2026-03-26T10:45:54.911+0000] {standard_task_runner.py:105} INFO - Job 34: Subtask wait_for_flink_jobmanager
[2026-03-26T10:45:54.998+0000] {task_command.py:467} INFO - Running <TaskInstance: lithuania_weather_analysis.wait_for_flink_jobmanager scheduled__2026-03-25T06:00:00+00:00 [running]> on host 1b3618507d17
[2026-03-26T10:45:55.135+0000] {taskinstance.py:3132} INFO - Exporting env vars: AIRFLOW_CTX_DAG_OWNER='***' AIRFLOW_CTX_DAG_ID='lithuania_weather_analysis' AIRFLOW_CTX_TASK_ID='wait_for_flink_jobmanager' AIRFLOW_CTX_EXECUTION_DATE='2026-03-25T06:00:00+00:00' AIRFLOW_CTX_TRY_NUMBER='1' AIRFLOW_CTX_DAG_RUN_ID='scheduled__2026-03-25T06:00:00+00:00'
[2026-03-26T10:45:55.137+0000] {taskinstance.py:731} INFO - ::endgroup::
[2026-03-26T10:45:55.159+0000] {python.py:75} INFO - Poking callable: <function check_flink_ready at 0x7b38a6e80c20>
[2026-03-26T10:45:55.236+0000] {weather_lithuania_dag.py:45} INFO - ✓ Flink ready with 1 taskmanager(s) and 4 slot(s)
[2026-03-26T10:45:55.237+0000] {base.py:336} INFO - Success criteria met. Exiting.
[2026-03-26T10:45:55.257+0000] {taskinstance.py:340} INFO - ::group::Post task execution logs
[2026-03-26T10:45:55.257+0000] {taskinstance.py:352} INFO - Marking task as SUCCESS. dag_id=lithuania_weather_analysis, task_id=wait_for_flink_jobmanager, run_id=scheduled__2026-03-25T06:00:00+00:00, execution_date=20260325T060000, start_date=20260326T104554, end_date=20260326T104555
[2026-03-26T10:45:55.282+0000] {local_task_job_runner.py:266} INFO - Task exited with return code 0
[2026-03-26T10:45:55.357+0000] {taskinstance.py:3895} INFO - 1 downstream tasks scheduled from follow-on schedule check
[2026-03-26T10:45:55.360+0000] {local_task_job_runner.py:245} INFO - ::endgroup::
[2026-03-26T13:07:22.732+0000] {local_task_job_runner.py:123} INFO - ::group::Pre task execution logs
[2026-03-26T13:07:22.745+0000] {taskinstance.py:2613} INFO - Dependencies all met for dep_context=non-requeueable deps ti=<TaskInstance: lithuania_weather_analysis.wait_for_flink_jobmanager scheduled__2026-03-25T06:00:00+00:00 [queued]>
[2026-03-26T13:07:22.751+0000] {taskinstance.py:2613} INFO - Dependencies all met for dep_context=requeueable deps ti=<TaskInstance: lithuania_weather_analysis.wait_for_flink_jobmanager scheduled__2026-03-25T06:00:00+00:00 [queued]>
[2026-03-26T13:07:22.752+0000] {taskinstance.py:2866} INFO - Starting attempt 1 of 2
[2026-03-26T13:07:22.770+0000] {taskinstance.py:2889} INFO - Executing <Task(PythonSensor): wait_for_flink_jobmanager> on 2026-03-25 06:00:00+00:00
[2026-03-26T13:07:22.776+0000] {standard_task_runner.py:72} INFO - Started process 79 to run task
[2026-03-26T13:07:22.780+0000] {standard_task_runner.py:104} INFO - Running: ['airflow', 'tasks', 'run', 'lithuania_weather_analysis', 'wait_for_flink_jobmanager', 'scheduled__2026-03-25T06:00:00+00:00', '--job-id', '106', '--raw', '--subdir', 'DAGS_FOLDER/weather_lithuania_dag.py', '--cfg-path', '/tmp/tmptt6oxo43']
[2026-03-26T13:07:22.782+0000] {standard_task_runner.py:105} INFO - Job 106: Subtask wait_for_flink_jobmanager
[2026-03-26T13:07:22.822+0000] {task_command.py:467} INFO - Running <TaskInstance: lithuania_weather_analysis.wait_for_flink_jobmanager scheduled__2026-03-25T06:00:00+00:00 [running]> on host b2433848b8d8
[2026-03-26T13:07:22.903+0000] {taskinstance.py:3132} INFO - Exporting env vars: AIRFLOW_CTX_DAG_OWNER='airflow' AIRFLOW_CTX_DAG_ID='lithuania_weather_analysis' AIRFLOW_CTX_TASK_ID='wait_for_flink_jobmanager' AIRFLOW_CTX_EXECUTION_DATE='2026-03-25T06:00:00+00:00' AIRFLOW_CTX_TRY_NUMBER='1' AIRFLOW_CTX_DAG_RUN_ID='scheduled__2026-03-25T06:00:00+00:00'
[2026-03-26T13:07:22.904+0000] {taskinstance.py:731} INFO - ::endgroup::
[2026-03-26T13:07:22.919+0000] {python.py:75} INFO - Poking callable: <function check_flink_ready at 0x740bef115260>
[2026-03-26T13:07:21.461+0000] {weather_lithuania_dag.py:45} INFO - ✓ Flink ready with 1 taskmanager(s) and 4 slot(s)
[2026-03-26T13:07:21.461+0000] {base.py:336} INFO - Success criteria met. Exiting.
[2026-03-26T13:07:21.466+0000] {taskinstance.py:340} INFO - ::group::Post task execution logs
[2026-03-26T13:07:21.467+0000] {taskinstance.py:352} INFO - Marking task as SUCCESS. dag_id=lithuania_weather_analysis, task_id=wait_for_flink_jobmanager, run_id=scheduled__2026-03-25T06:00:00+00:00, execution_date=20260325T060000, start_date=20260326T130722, end_date=20260326T130721
[2026-03-26T13:07:21.492+0000] {local_task_job_runner.py:266} INFO - Task exited with return code 0
[2026-03-26T13:07:21.516+0000] {taskinstance.py:3895} INFO - 1 downstream tasks scheduled from follow-on schedule check
[2026-03-26T13:07:21.522+0000] {local_task_job_runner.py:245} INFO - ::endgroup::
