[2026-03-26T11:45:05.161+0000] {local_task_job_runner.py:123} INFO - ::group::Pre task execution logs
[2026-03-26T11:45:05.193+0000] {taskinstance.py:2613} INFO - Dependencies all met for dep_context=non-requeueable deps ti=<TaskInstance: lithuania_weather_analysis.analyze_weather manual__2026-03-26T11:43:51.918423+00:00 [queued]>
[2026-03-26T11:45:05.205+0000] {taskinstance.py:2613} INFO - Dependencies all met for dep_context=requeueable deps ti=<TaskInstance: lithuania_weather_analysis.analyze_weather manual__2026-03-26T11:43:51.918423+00:00 [queued]>
[2026-03-26T11:45:05.206+0000] {taskinstance.py:2866} INFO - Starting attempt 1 of 2
[2026-03-26T11:45:05.222+0000] {taskinstance.py:2889} INFO - Executing <Task(PythonOperator): analyze_weather> on 2026-03-26 11:43:51.918423+00:00
[2026-03-26T11:45:05.227+0000] {standard_task_runner.py:72} INFO - Started process 691 to run task
[2026-03-26T11:45:05.230+0000] {standard_task_runner.py:104} INFO - Running: ['***', 'tasks', 'run', 'lithuania_weather_analysis', 'analyze_weather', 'manual__2026-03-26T11:43:51.918423+00:00', '--job-id', '56', '--raw', '--subdir', 'DAGS_FOLDER/weather_lithuania_dag.py', '--cfg-path', '/tmp/tmpemj916to']
[2026-03-26T11:45:05.233+0000] {standard_task_runner.py:105} INFO - Job 56: Subtask analyze_weather
[2026-03-26T11:45:05.316+0000] {task_command.py:467} INFO - Running <TaskInstance: lithuania_weather_analysis.analyze_weather manual__2026-03-26T11:43:51.918423+00:00 [running]> on host 1b3618507d17
[2026-03-26T11:45:05.462+0000] {taskinstance.py:3132} INFO - Exporting env vars: AIRFLOW_CTX_DAG_OWNER='***' AIRFLOW_CTX_DAG_ID='lithuania_weather_analysis' AIRFLOW_CTX_TASK_ID='analyze_weather' AIRFLOW_CTX_EXECUTION_DATE='2026-03-26T11:43:51.918423+00:00' AIRFLOW_CTX_TRY_NUMBER='1' AIRFLOW_CTX_DAG_RUN_ID='manual__2026-03-26T11:43:51.918423+00:00'
[2026-03-26T11:45:05.463+0000] {taskinstance.py:731} INFO - ::endgroup::
[2026-03-26T11:45:05.484+0000] {weather_lithuania_dag.py:59} INFO - Running: /home/***/.local/bin/python /opt/***/project/python/weather_analyze.py --raw-input /opt/***/project/python/output/weather/raw_daily_weather.csv --country-daily-output /opt/***/project/python/output/weather/country_daily_weather.csv --annual-output /opt/***/project/python/output/weather/annual_summary.csv --city-annual-output /opt/***/project/python/output/weather/city_annual_summary.csv --summary-output /opt/***/project/python/output/weather/ytd_summary.json --city-summary-output /opt/***/project/python/output/weather/city_ytd_summary.json --report-output /opt/***/project/python/output/weather/weather_summary.md --country-daily-anomalies-output /opt/***/project/python/output/weather/country_daily_anomalies.csv --city-daily-anomalies-output /opt/***/project/python/output/weather/city_daily_anomalies.csv --country-monthly-output /opt/***/project/python/output/weather/country_monthly_anomalies.csv --city-monthly-output /opt/***/project/python/output/weather/city_monthly_anomalies.csv --city-rankings-output /opt/***/project/python/output/weather/city_rankings.json --heat-stress-output /opt/***/project/python/output/weather/heat_stress.json --current-end 2026-03-26
[2026-03-26T11:45:06.777+0000] {weather_lithuania_dag.py:64} INFO - Saved heat stress summary to /opt/***/project/python/output/weather/heat_stress.json
{
  "coverage": {
    "baseline_years": [
      1991,
      2025
    ],
    "days_observed": 85,
    "period": "01-01 to 03-26",
    "proxy_cities": [
      "Vilnius",
      "Kaunas",
      "Klaipeda",
      "Siauliai",
      "Panevezys"
    ]
  },
  "current": {
    "ytd_mean_temp": -4.594117647058823,
    "ytd_total_precip": 91.52
  },
  "current_year": 2026,
  "expected": {
    "precip_mean": 123.40914285714285,
    "precip_std": 35.10736250681435,
    "temp_mean": -1.3865902677350006,
    "temp_std": 2.2418594757353776
  },
  "precipitation": {
    "climatology_ytd_total": 119.09466666666667,
    "deviation_vs_1991_2020_mean": -31.889142857142858,
    "latest_7d_anomaly": -5.232666666666665,
    "latest_cumulative_anomaly": -27.574666666666666,
    "latest_daily_anomaly": 0.7459999999999999,
    "percent_deviation_vs_1991_2020_mean": -25.840178546623083,
    "z_score_vs_baseline": -0.9083320585803951
  },
  "temperature": {
    "climatology_ytd_mean": -1.6329411764705883,
    "deviation_vs_1991_2020_mean": -3.207527379323823,
    "latest_30d_anomaly": 3.3900444444444444,
    "latest_7d_anomaly": 4.293238095238095,
    "latest_daily_anomaly": 3.774,
    "percent_deviation_vs_1991_2020_mean": -231.32481555372001,
    "z_score_vs_baseline": -1.4307441719877136
  }
}
Saved city summaries to /opt/***/project/python/output/weather/city_ytd_summary.json
Saved city rankings to /opt/***/project/python/output/weather/city_rankings.json
Saved markdown report to /opt/***/project/python/output/weather/weather_summary.md

[2026-03-26T11:45:06.778+0000] {python.py:240} INFO - Done. Returned value was: None
[2026-03-26T11:45:06.798+0000] {taskinstance.py:340} INFO - ::group::Post task execution logs
[2026-03-26T11:45:06.799+0000] {taskinstance.py:352} INFO - Marking task as SUCCESS. dag_id=lithuania_weather_analysis, task_id=analyze_weather, run_id=manual__2026-03-26T11:43:51.918423+00:00, execution_date=20260326T114351, start_date=20260326T114505, end_date=20260326T114506
[2026-03-26T11:45:06.839+0000] {local_task_job_runner.py:266} INFO - Task exited with return code 0
[2026-03-26T11:45:06.888+0000] {taskinstance.py:3895} INFO - 3 downstream tasks scheduled from follow-on schedule check
[2026-03-26T11:45:06.891+0000] {local_task_job_runner.py:245} INFO - ::endgroup::
