[2026-03-26T10:38:54.275+0000] {local_task_job_runner.py:123} INFO - ::group::Pre task execution logs
[2026-03-26T10:38:54.312+0000] {taskinstance.py:2613} INFO - Dependencies all met for dep_context=non-requeueable deps ti=<TaskInstance: vilnius_march_temperature_anomalies.fetch_vilnius_march_weather scheduled__2026-03-25T07:00:00+00:00 [queued]>
[2026-03-26T10:38:54.325+0000] {taskinstance.py:2613} INFO - Dependencies all met for dep_context=requeueable deps ti=<TaskInstance: vilnius_march_temperature_anomalies.fetch_vilnius_march_weather scheduled__2026-03-25T07:00:00+00:00 [queued]>
[2026-03-26T10:38:54.325+0000] {taskinstance.py:2866} INFO - Starting attempt 1 of 2
[2026-03-26T10:38:54.346+0000] {taskinstance.py:2889} INFO - Executing <Task(BashOperator): fetch_vilnius_march_weather> on 2026-03-25 07:00:00+00:00
[2026-03-26T10:38:54.358+0000] {standard_task_runner.py:72} INFO - Started process 197 to run task
[2026-03-26T10:38:54.360+0000] {standard_task_runner.py:104} INFO - Running: ['***', 'tasks', 'run', 'vilnius_march_temperature_anomalies', 'fetch_vilnius_march_weather', 'scheduled__2026-03-25T07:00:00+00:00', '--job-id', '9', '--raw', '--subdir', 'DAGS_FOLDER/vilnius_march_temperature_dag.py', '--cfg-path', '/tmp/tmp9tyv5lsy']
[2026-03-26T10:38:54.364+0000] {standard_task_runner.py:105} INFO - Job 9: Subtask fetch_vilnius_march_weather
[2026-03-26T10:38:54.464+0000] {task_command.py:467} INFO - Running <TaskInstance: vilnius_march_temperature_anomalies.fetch_vilnius_march_weather scheduled__2026-03-25T07:00:00+00:00 [running]> on host 1b3618507d17
[2026-03-26T10:38:54.649+0000] {taskinstance.py:3132} INFO - Exporting env vars: AIRFLOW_CTX_DAG_OWNER='***' AIRFLOW_CTX_DAG_ID='vilnius_march_temperature_anomalies' AIRFLOW_CTX_TASK_ID='fetch_vilnius_march_weather' AIRFLOW_CTX_EXECUTION_DATE='2026-03-25T07:00:00+00:00' AIRFLOW_CTX_TRY_NUMBER='1' AIRFLOW_CTX_DAG_RUN_ID='scheduled__2026-03-25T07:00:00+00:00'
[2026-03-26T10:38:54.649+0000] {taskinstance.py:731} INFO - ::endgroup::
[2026-03-26T10:38:54.695+0000] {subprocess.py:78} INFO - Tmp dir root location: /tmp
[2026-03-26T10:38:54.695+0000] {subprocess.py:88} INFO - Running command: ['/usr/bin/bash', '-c', 'set -euo pipefail\ntest -f "/opt/***/project/python/vilnius_march_fetch.py"\n"/usr/local/bin/python" "/opt/***/project/python/vilnius_march_fetch.py" "--month" "3" "--execution-date" "2026-03-25" "--window-years" "30" "--output" "/opt/***/project/python/output/vilnius_march/raw_daily_weather.csv"']
[2026-03-26T10:38:54.712+0000] {subprocess.py:99} INFO - Output:
[2026-03-26T10:39:00.410+0000] {subprocess.py:106} INFO - Saved Vilnius raw weather data to /opt/***/project/python/output/vilnius_march/raw_daily_weather.csv (10617 rows; 1997-03-01 to 2026-03-25)
[2026-03-26T10:39:00.548+0000] {subprocess.py:110} INFO - Command exited with return code 0
[2026-03-26T10:39:00.621+0000] {taskinstance.py:340} INFO - ::group::Post task execution logs
[2026-03-26T10:39:00.622+0000] {taskinstance.py:352} INFO - Marking task as SUCCESS. dag_id=vilnius_march_temperature_anomalies, task_id=fetch_vilnius_march_weather, run_id=scheduled__2026-03-25T07:00:00+00:00, execution_date=20260325T070000, start_date=20260326T103854, end_date=20260326T103900
[2026-03-26T10:39:00.690+0000] {local_task_job_runner.py:266} INFO - Task exited with return code 0
[2026-03-26T10:39:00.747+0000] {taskinstance.py:3895} INFO - 1 downstream tasks scheduled from follow-on schedule check
[2026-03-26T10:39:00.750+0000] {local_task_job_runner.py:245} INFO - ::endgroup::
