[2026-03-26T10:39:30.617+0000] {local_task_job_runner.py:123} INFO - ::group::Pre task execution logs
[2026-03-26T10:39:30.684+0000] {taskinstance.py:2613} INFO - Dependencies all met for dep_context=non-requeueable deps ti=<TaskInstance: lithuania_weather_analysis.fetch_weather_data manual_1774521568 [queued]>
[2026-03-26T10:39:30.708+0000] {taskinstance.py:2613} INFO - Dependencies all met for dep_context=requeueable deps ti=<TaskInstance: lithuania_weather_analysis.fetch_weather_data manual_1774521568 [queued]>
[2026-03-26T10:39:30.709+0000] {taskinstance.py:2866} INFO - Starting attempt 1 of 2
[2026-03-26T10:39:30.746+0000] {taskinstance.py:2889} INFO - Executing <Task(PythonOperator): fetch_weather_data> on 2026-03-26 10:39:28.876715+00:00
[2026-03-26T10:39:30.761+0000] {standard_task_runner.py:72} INFO - Started process 316 to run task
[2026-03-26T10:39:30.768+0000] {standard_task_runner.py:104} INFO - Running: ['***', 'tasks', 'run', 'lithuania_weather_analysis', 'fetch_weather_data', 'manual_1774521568', '--job-id', '17', '--raw', '--subdir', 'DAGS_FOLDER/weather_lithuania_dag.py', '--cfg-path', '/tmp/tmpd8htq3k9']
[2026-03-26T10:39:30.773+0000] {standard_task_runner.py:105} INFO - Job 17: Subtask fetch_weather_data
[2026-03-26T10:39:30.975+0000] {task_command.py:467} INFO - Running <TaskInstance: lithuania_weather_analysis.fetch_weather_data manual_1774521568 [running]> on host 1b3618507d17
[2026-03-26T10:39:31.387+0000] {taskinstance.py:3132} INFO - Exporting env vars: AIRFLOW_CTX_DAG_OWNER='***' AIRFLOW_CTX_DAG_ID='lithuania_weather_analysis' AIRFLOW_CTX_TASK_ID='fetch_weather_data' AIRFLOW_CTX_EXECUTION_DATE='2026-03-26T10:39:28.876715+00:00' AIRFLOW_CTX_TRY_NUMBER='1' AIRFLOW_CTX_DAG_RUN_ID='manual_1774521568'
[2026-03-26T10:39:31.388+0000] {taskinstance.py:731} INFO - ::endgroup::
[2026-03-26T10:39:31.445+0000] {weather_lithuania_dag.py:104} INFO - Fetching fresh weather data...
[2026-03-26T10:39:31.445+0000] {weather_lithuania_dag.py:59} INFO - Running: /home/***/.local/bin/python /opt/***/project/python/weather_fetch.py --start-date 1991-01-01 --end-date 2026-03-26 --output /opt/***/project/python/output/weather/raw_daily_weather.csv
[2026-03-26T10:42:04.642+0000] {weather_lithuania_dag.py:64} INFO - Saved raw weather data to /opt/***/project/python/output/weather/raw_daily_weather.csv (64345 rows)

[2026-03-26T10:42:04.642+0000] {python.py:240} INFO - Done. Returned value was: None
[2026-03-26T10:42:04.665+0000] {taskinstance.py:340} INFO - ::group::Post task execution logs
[2026-03-26T10:42:04.665+0000] {taskinstance.py:352} INFO - Marking task as SUCCESS. dag_id=lithuania_weather_analysis, task_id=fetch_weather_data, run_id=manual_1774521568, execution_date=20260326T103928, start_date=20260326T103930, end_date=20260326T104204
[2026-03-26T10:42:04.717+0000] {local_task_job_runner.py:266} INFO - Task exited with return code 0
[2026-03-26T10:42:04.766+0000] {taskinstance.py:3895} INFO - 1 downstream tasks scheduled from follow-on schedule check
[2026-03-26T10:42:04.770+0000] {local_task_job_runner.py:245} INFO - ::endgroup::
