[2026-03-26T10:39:52.676+0000] {local_task_job_runner.py:123} INFO - ::group::Pre task execution logs
[2026-03-26T10:39:52.708+0000] {taskinstance.py:2613} INFO - Dependencies all met for dep_context=non-requeueable deps ti=<TaskInstance: climate_temperature_model.quality_gate scheduled__2026-03-25T05:00:00+00:00 [queued]>
[2026-03-26T10:39:52.720+0000] {taskinstance.py:2613} INFO - Dependencies all met for dep_context=requeueable deps ti=<TaskInstance: climate_temperature_model.quality_gate scheduled__2026-03-25T05:00:00+00:00 [queued]>
[2026-03-26T10:39:52.720+0000] {taskinstance.py:2866} INFO - Starting attempt 1 of 2
[2026-03-26T10:39:52.749+0000] {taskinstance.py:2889} INFO - Executing <Task(BashOperator): quality_gate> on 2026-03-25 05:00:00+00:00
[2026-03-26T10:39:52.755+0000] {standard_task_runner.py:72} INFO - Started process 353 to run task
[2026-03-26T10:39:52.759+0000] {standard_task_runner.py:104} INFO - Running: ['***', 'tasks', 'run', 'climate_temperature_model', 'quality_gate', 'scheduled__2026-03-25T05:00:00+00:00', '--job-id', '21', '--raw', '--subdir', 'DAGS_FOLDER/train_dag.py', '--cfg-path', '/tmp/tmp0ktrkzv1']
[2026-03-26T10:39:52.762+0000] {standard_task_runner.py:105} INFO - Job 21: Subtask quality_gate
[2026-03-26T10:39:52.848+0000] {task_command.py:467} INFO - Running <TaskInstance: climate_temperature_model.quality_gate scheduled__2026-03-25T05:00:00+00:00 [running]> on host 1b3618507d17
[2026-03-26T10:39:51.214+0000] {taskinstance.py:3132} INFO - Exporting env vars: AIRFLOW_CTX_DAG_OWNER='***' AIRFLOW_CTX_DAG_ID='climate_temperature_model' AIRFLOW_CTX_TASK_ID='quality_gate' AIRFLOW_CTX_EXECUTION_DATE='2026-03-25T05:00:00+00:00' AIRFLOW_CTX_TRY_NUMBER='1' AIRFLOW_CTX_DAG_RUN_ID='scheduled__2026-03-25T05:00:00+00:00'
[2026-03-26T10:39:51.215+0000] {taskinstance.py:731} INFO - ::endgroup::
[2026-03-26T10:39:51.237+0000] {subprocess.py:78} INFO - Tmp dir root location: /tmp
[2026-03-26T10:39:51.237+0000] {subprocess.py:88} INFO - Running command: ['/usr/bin/bash', '-c', 'set -euo pipefail\ntest -f "/opt/***/project/python/quality_gate.py"\n"/usr/local/bin/python" "/opt/***/project/python/quality_gate.py" "--summary-json" "/opt/***/project/python/output/climate/climate_evaluation.json" "--max-mse" "50.0" "--min-r2" "0.65"']
[2026-03-26T10:39:51.252+0000] {subprocess.py:99} INFO - Output:
[2026-03-26T10:39:51.448+0000] {subprocess.py:106} INFO - Quality gate metrics: mse=16.029488, r2=0.786164
[2026-03-26T10:39:51.449+0000] {subprocess.py:106} INFO - Quality gate passed.
[2026-03-26T10:39:51.458+0000] {subprocess.py:110} INFO - Command exited with return code 0
[2026-03-26T10:39:51.517+0000] {taskinstance.py:340} INFO - ::group::Post task execution logs
[2026-03-26T10:39:51.518+0000] {taskinstance.py:352} INFO - Marking task as SUCCESS. dag_id=climate_temperature_model, task_id=quality_gate, run_id=scheduled__2026-03-25T05:00:00+00:00, execution_date=20260325T050000, start_date=20260326T103952, end_date=20260326T103951
[2026-03-26T10:39:51.581+0000] {local_task_job_runner.py:266} INFO - Task exited with return code 0
[2026-03-26T10:39:51.628+0000] {taskinstance.py:3895} INFO - 0 downstream tasks scheduled from follow-on schedule check
[2026-03-26T10:39:51.630+0000] {local_task_job_runner.py:245} INFO - ::endgroup::
