[2026-03-26T10:42:08.385+0000] {local_task_job_runner.py:123} INFO - ::group::Pre task execution logs
[2026-03-26T10:42:08.415+0000] {taskinstance.py:2613} INFO - Dependencies all met for dep_context=non-requeueable deps ti=<TaskInstance: lithuania_weather_analysis.plot_weather_anomalies manual_1774521568 [queued]>
[2026-03-26T10:42:08.427+0000] {taskinstance.py:2613} INFO - Dependencies all met for dep_context=requeueable deps ti=<TaskInstance: lithuania_weather_analysis.plot_weather_anomalies manual_1774521568 [queued]>
[2026-03-26T10:42:08.427+0000] {taskinstance.py:2866} INFO - Starting attempt 1 of 2
[2026-03-26T10:42:08.445+0000] {taskinstance.py:2889} INFO - Executing <Task(PythonOperator): plot_weather_anomalies> on 2026-03-26 10:39:28.876715+00:00
[2026-03-26T10:42:08.450+0000] {standard_task_runner.py:72} INFO - Started process 515 to run task
[2026-03-26T10:42:08.454+0000] {standard_task_runner.py:104} INFO - Running: ['***', 'tasks', 'run', 'lithuania_weather_analysis', 'plot_weather_anomalies', 'manual_1774521568', '--job-id', '25', '--raw', '--subdir', 'DAGS_FOLDER/weather_lithuania_dag.py', '--cfg-path', '/tmp/tmpn9qa1y2v']
[2026-03-26T10:42:08.457+0000] {standard_task_runner.py:105} INFO - Job 25: Subtask plot_weather_anomalies
[2026-03-26T10:42:08.542+0000] {task_command.py:467} INFO - Running <TaskInstance: lithuania_weather_analysis.plot_weather_anomalies manual_1774521568 [running]> on host 1b3618507d17
[2026-03-26T10:42:08.669+0000] {taskinstance.py:3132} INFO - Exporting env vars: AIRFLOW_CTX_DAG_OWNER='***' AIRFLOW_CTX_DAG_ID='lithuania_weather_analysis' AIRFLOW_CTX_TASK_ID='plot_weather_anomalies' AIRFLOW_CTX_EXECUTION_DATE='2026-03-26T10:39:28.876715+00:00' AIRFLOW_CTX_TRY_NUMBER='1' AIRFLOW_CTX_DAG_RUN_ID='manual_1774521568'
[2026-03-26T10:42:08.670+0000] {taskinstance.py:731} INFO - ::endgroup::
[2026-03-26T10:42:08.687+0000] {weather_lithuania_dag.py:59} INFO - Running: /home/***/.local/bin/python /opt/***/project/python/weather_plot.py --annual-input /opt/***/project/python/output/weather/annual_summary.csv --summary-input /opt/***/project/python/output/weather/ytd_summary.json --city-summary-input /opt/***/project/python/output/weather/city_ytd_summary.json --country-daily-input /opt/***/project/python/output/weather/country_daily_anomalies.csv --country-monthly-input /opt/***/project/python/output/weather/country_monthly_anomalies.csv --city-daily-input /opt/***/project/python/output/weather/city_daily_anomalies.csv --city-monthly-input /opt/***/project/python/output/weather/city_monthly_anomalies.csv --city-plots-dir /opt/***/project/python/output/weather/cities --output /opt/***/project/python/output/weather/weather_anomalies.png
[2026-03-26T10:42:14.723+0000] {weather_lithuania_dag.py:64} INFO - Saved weather anomaly plot to /opt/***/project/python/output/weather/weather_anomalies.png
Saved city weather plot to /opt/***/project/python/output/weather/cities/kaunas.png
Saved city weather plot to /opt/***/project/python/output/weather/cities/klaipeda.png
Saved city weather plot to /opt/***/project/python/output/weather/cities/panevezys.png
Saved city weather plot to /opt/***/project/python/output/weather/cities/siauliai.png
Saved city weather plot to /opt/***/project/python/output/weather/cities/vilnius.png

[2026-03-26T10:42:14.723+0000] {python.py:240} INFO - Done. Returned value was: None
[2026-03-26T10:42:14.743+0000] {taskinstance.py:340} INFO - ::group::Post task execution logs
[2026-03-26T10:42:14.743+0000] {taskinstance.py:352} INFO - Marking task as SUCCESS. dag_id=lithuania_weather_analysis, task_id=plot_weather_anomalies, run_id=manual_1774521568, execution_date=20260326T103928, start_date=20260326T104208, end_date=20260326T104214
[2026-03-26T10:42:14.791+0000] {local_task_job_runner.py:266} INFO - Task exited with return code 0
[2026-03-26T10:42:14.823+0000] {taskinstance.py:3895} INFO - 0 downstream tasks scheduled from follow-on schedule check
[2026-03-26T10:42:14.825+0000] {local_task_job_runner.py:245} INFO - ::endgroup::
