[2026-03-26T10:39:01.597+0000] {local_task_job_runner.py:123} INFO - ::group::Pre task execution logs
[2026-03-26T10:39:01.643+0000] {taskinstance.py:2613} INFO - Dependencies all met for dep_context=non-requeueable deps ti=<TaskInstance: vilnius_march_temperature_anomalies.analyze_vilnius_march_anomalies scheduled__2026-03-25T07:00:00+00:00 [queued]>
[2026-03-26T10:39:01.660+0000] {taskinstance.py:2613} INFO - Dependencies all met for dep_context=requeueable deps ti=<TaskInstance: vilnius_march_temperature_anomalies.analyze_vilnius_march_anomalies scheduled__2026-03-25T07:00:00+00:00 [queued]>
[2026-03-26T10:39:01.660+0000] {taskinstance.py:2866} INFO - Starting attempt 1 of 2
[2026-03-26T10:39:01.685+0000] {taskinstance.py:2889} INFO - Executing <Task(BashOperator): analyze_vilnius_march_anomalies> on 2026-03-25 07:00:00+00:00
[2026-03-26T10:39:01.693+0000] {standard_task_runner.py:72} INFO - Started process 243 to run task
[2026-03-26T10:39:01.699+0000] {standard_task_runner.py:104} INFO - Running: ['***', 'tasks', 'run', 'vilnius_march_temperature_anomalies', 'analyze_vilnius_march_anomalies', 'scheduled__2026-03-25T07:00:00+00:00', '--job-id', '12', '--raw', '--subdir', 'DAGS_FOLDER/vilnius_march_temperature_dag.py', '--cfg-path', '/tmp/tmp32igazjy']
[2026-03-26T10:39:01.702+0000] {standard_task_runner.py:105} INFO - Job 12: Subtask analyze_vilnius_march_anomalies
[2026-03-26T10:39:01.814+0000] {task_command.py:467} INFO - Running <TaskInstance: vilnius_march_temperature_anomalies.analyze_vilnius_march_anomalies scheduled__2026-03-25T07:00:00+00:00 [running]> on host 1b3618507d17
[2026-03-26T10:39:01.998+0000] {taskinstance.py:3132} INFO - Exporting env vars: AIRFLOW_CTX_DAG_OWNER='***' AIRFLOW_CTX_DAG_ID='vilnius_march_temperature_anomalies' AIRFLOW_CTX_TASK_ID='analyze_vilnius_march_anomalies' AIRFLOW_CTX_EXECUTION_DATE='2026-03-25T07:00:00+00:00' AIRFLOW_CTX_TRY_NUMBER='1' AIRFLOW_CTX_DAG_RUN_ID='scheduled__2026-03-25T07:00:00+00:00'
[2026-03-26T10:39:02.000+0000] {taskinstance.py:731} INFO - ::endgroup::
[2026-03-26T10:39:02.024+0000] {subprocess.py:78} INFO - Tmp dir root location: /tmp
[2026-03-26T10:39:02.024+0000] {subprocess.py:88} INFO - Running command: ['/usr/bin/bash', '-c', 'set -euo pipefail\ntest -f "/opt/***/project/python/vilnius_march_analyze.py"\n"/usr/local/bin/python" "/opt/***/project/python/vilnius_march_analyze.py" "--month" "3" "--raw-input" "/opt/***/project/python/output/vilnius_march/raw_daily_weather.csv" "--annual-output" "/opt/***/project/python/output/vilnius_march/march_temperature_anomalies.csv" "--summary-output" "/opt/***/project/python/output/vilnius_march/summary.json" "--report-output" "/opt/***/project/python/output/vilnius_march/report.md" "--execution-date" "2026-03-25" "--window-years" "30"']
[2026-03-26T10:39:02.039+0000] {subprocess.py:99} INFO - Output:
[2026-03-26T10:39:03.596+0000] {subprocess.py:106} INFO - {
[2026-03-26T10:39:03.597+0000] {subprocess.py:106} INFO -   "baseline": {
[2026-03-26T10:39:03.597+0000] {subprocess.py:106} INFO -     "mean_temp_c": 0.5417333333333333,
[2026-03-26T10:39:03.598+0000] {subprocess.py:106} INFO -     "std_temp_c": 2.8748896582523713
[2026-03-26T10:39:03.598+0000] {subprocess.py:106} INFO -   },
[2026-03-26T10:39:03.598+0000] {subprocess.py:106} INFO -   "latest_year": 2026,
[2026-03-26T10:39:03.599+0000] {subprocess.py:106} INFO -   "month": 3,
[2026-03-26T10:39:03.599+0000] {subprocess.py:106} INFO -   "month_name": "March",
[2026-03-26T10:39:03.600+0000] {subprocess.py:106} INFO -   "window": {
[2026-03-26T10:39:03.600+0000] {subprocess.py:106} INFO -     "cutoff_day": 25,
[2026-03-26T10:39:03.600+0000] {subprocess.py:106} INFO -     "end_year": 2026,
[2026-03-26T10:39:03.601+0000] {subprocess.py:106} INFO -     "execution_date": "2026-03-25",
[2026-03-26T10:39:03.601+0000] {subprocess.py:106} INFO -     "start_year": 1997,
[2026-03-26T10:39:03.601+0000] {subprocess.py:106} INFO -     "years_included": 30
[2026-03-26T10:39:03.601+0000] {subprocess.py:106} INFO -   }
[2026-03-26T10:39:03.602+0000] {subprocess.py:106} INFO - }
[2026-03-26T10:39:03.602+0000] {subprocess.py:106} INFO - Saved March anomaly table to /opt/***/project/python/output/vilnius_march/march_temperature_anomalies.csv
[2026-03-26T10:39:03.602+0000] {subprocess.py:106} INFO - Saved March anomaly report to /opt/***/project/python/output/vilnius_march/report.md
[2026-03-26T10:39:03.708+0000] {subprocess.py:110} INFO - Command exited with return code 0
[2026-03-26T10:39:03.771+0000] {taskinstance.py:340} INFO - ::group::Post task execution logs
[2026-03-26T10:39:03.772+0000] {taskinstance.py:352} INFO - Marking task as SUCCESS. dag_id=vilnius_march_temperature_anomalies, task_id=analyze_vilnius_march_anomalies, run_id=scheduled__2026-03-25T07:00:00+00:00, execution_date=20260325T070000, start_date=20260326T103901, end_date=20260326T103903
[2026-03-26T10:39:03.812+0000] {local_task_job_runner.py:266} INFO - Task exited with return code 0
[2026-03-26T10:39:03.864+0000] {taskinstance.py:3895} INFO - 2 downstream tasks scheduled from follow-on schedule check
[2026-03-26T10:39:03.867+0000] {local_task_job_runner.py:245} INFO - ::endgroup::
