[2026-03-26T10:39:00.360+0000] {local_task_job_runner.py:123} INFO - ::group::Pre task execution logs
[2026-03-26T10:39:00.411+0000] {taskinstance.py:2613} INFO - Dependencies all met for dep_context=non-requeueable deps ti=<TaskInstance: climate_temperature_model.train_climate_model scheduled__2026-03-25T05:00:00+00:00 [queued]>
[2026-03-26T10:39:00.429+0000] {taskinstance.py:2613} INFO - Dependencies all met for dep_context=requeueable deps ti=<TaskInstance: climate_temperature_model.train_climate_model scheduled__2026-03-25T05:00:00+00:00 [queued]>
[2026-03-26T10:39:00.429+0000] {taskinstance.py:2866} INFO - Starting attempt 1 of 2
[2026-03-26T10:39:00.455+0000] {taskinstance.py:2889} INFO - Executing <Task(BashOperator): train_climate_model> on 2026-03-25 05:00:00+00:00
[2026-03-26T10:39:00.463+0000] {standard_task_runner.py:72} INFO - Started process 233 to run task
[2026-03-26T10:39:00.468+0000] {standard_task_runner.py:104} INFO - Running: ['***', 'tasks', 'run', 'climate_temperature_model', 'train_climate_model', 'scheduled__2026-03-25T05:00:00+00:00', '--job-id', '11', '--raw', '--subdir', 'DAGS_FOLDER/train_dag.py', '--cfg-path', '/tmp/tmpmp7_zi5j']
[2026-03-26T10:39:00.471+0000] {standard_task_runner.py:105} INFO - Job 11: Subtask train_climate_model
[2026-03-26T10:39:00.591+0000] {task_command.py:467} INFO - Running <TaskInstance: climate_temperature_model.train_climate_model scheduled__2026-03-25T05:00:00+00:00 [running]> on host 1b3618507d17
[2026-03-26T10:39:00.797+0000] {taskinstance.py:3132} INFO - Exporting env vars: AIRFLOW_CTX_DAG_OWNER='***' AIRFLOW_CTX_DAG_ID='climate_temperature_model' AIRFLOW_CTX_TASK_ID='train_climate_model' AIRFLOW_CTX_EXECUTION_DATE='2026-03-25T05:00:00+00:00' AIRFLOW_CTX_TRY_NUMBER='1' AIRFLOW_CTX_DAG_RUN_ID='scheduled__2026-03-25T05:00:00+00:00'
[2026-03-26T10:39:00.798+0000] {taskinstance.py:731} INFO - ::endgroup::
[2026-03-26T10:39:00.826+0000] {subprocess.py:78} INFO - Tmp dir root location: /tmp
[2026-03-26T10:39:00.826+0000] {subprocess.py:88} INFO - Running command: ['/usr/bin/bash', '-c', 'set -euo pipefail\ntest -f "/opt/***/project/python/climate_train.py"\n"/usr/local/bin/python" "/opt/***/project/python/climate_train.py" "--train-data" "/opt/***/project/python/output/climate/climate_train.csv" "--epochs" "200" "--lr" "0.001" "--batch-size" "128" "--tracking-uri" "/opt/***/project/mlruns" "--model-path" "/opt/***/project/python/output/climate/climate_model.pth" "--metrics-path" "/opt/***/project/python/output/climate/climate_metrics.csv"']
[2026-03-26T10:39:00.842+0000] {subprocess.py:99} INFO - Output:
[2026-03-26T10:39:44.843+0000] {subprocess.py:106} INFO - Training complete. Model saved to /opt/***/project/python/output/climate/climate_model.pth
[2026-03-26T10:39:44.844+0000] {subprocess.py:106} INFO - Metrics written to /opt/***/project/python/output/climate/climate_metrics.csv
[2026-03-26T10:39:44.844+0000] {subprocess.py:106} INFO - MLflow not installed; skipping experiment logging.
[2026-03-26T10:39:45.538+0000] {subprocess.py:110} INFO - Command exited with return code 0
[2026-03-26T10:39:45.613+0000] {taskinstance.py:340} INFO - ::group::Post task execution logs
[2026-03-26T10:39:45.613+0000] {taskinstance.py:352} INFO - Marking task as SUCCESS. dag_id=climate_temperature_model, task_id=train_climate_model, run_id=scheduled__2026-03-25T05:00:00+00:00, execution_date=20260325T050000, start_date=20260326T103900, end_date=20260326T103945
[2026-03-26T10:39:45.674+0000] {local_task_job_runner.py:266} INFO - Task exited with return code 0
[2026-03-26T10:39:45.732+0000] {taskinstance.py:3895} INFO - 2 downstream tasks scheduled from follow-on schedule check
[2026-03-26T10:39:45.735+0000] {local_task_job_runner.py:245} INFO - ::endgroup::
