[2026-03-26T10:45:55.999+0000] {local_task_job_runner.py:123} INFO - ::group::Pre task execution logs
[2026-03-26T10:45:56.041+0000] {taskinstance.py:2613} INFO - Dependencies all met for dep_context=non-requeueable deps ti=<TaskInstance: lithuania_weather_analysis.beam_regional_analysis scheduled__2026-03-25T06:00:00+00:00 [queued]>
[2026-03-26T10:45:56.055+0000] {taskinstance.py:2613} INFO - Dependencies all met for dep_context=requeueable deps ti=<TaskInstance: lithuania_weather_analysis.beam_regional_analysis scheduled__2026-03-25T06:00:00+00:00 [queued]>
[2026-03-26T10:45:56.055+0000] {taskinstance.py:2866} INFO - Starting attempt 1 of 2
[2026-03-26T10:45:56.074+0000] {taskinstance.py:2889} INFO - Executing <Task(PythonOperator): beam_regional_analysis> on 2026-03-25 06:00:00+00:00
[2026-03-26T10:45:56.080+0000] {standard_task_runner.py:72} INFO - Started process 801 to run task
[2026-03-26T10:45:56.083+0000] {standard_task_runner.py:104} INFO - Running: ['***', 'tasks', 'run', 'lithuania_weather_analysis', 'beam_regional_analysis', 'scheduled__2026-03-25T06:00:00+00:00', '--job-id', '35', '--raw', '--subdir', 'DAGS_FOLDER/weather_lithuania_dag.py', '--cfg-path', '/tmp/tmp35kpmib3']
[2026-03-26T10:45:56.086+0000] {standard_task_runner.py:105} INFO - Job 35: Subtask beam_regional_analysis
[2026-03-26T10:45:56.174+0000] {task_command.py:467} INFO - Running <TaskInstance: lithuania_weather_analysis.beam_regional_analysis scheduled__2026-03-25T06:00:00+00:00 [running]> on host 1b3618507d17
[2026-03-26T10:45:56.306+0000] {taskinstance.py:3132} INFO - Exporting env vars: AIRFLOW_CTX_DAG_OWNER='***' AIRFLOW_CTX_DAG_ID='lithuania_weather_analysis' AIRFLOW_CTX_TASK_ID='beam_regional_analysis' AIRFLOW_CTX_EXECUTION_DATE='2026-03-25T06:00:00+00:00' AIRFLOW_CTX_TRY_NUMBER='1' AIRFLOW_CTX_DAG_RUN_ID='scheduled__2026-03-25T06:00:00+00:00'
[2026-03-26T10:45:56.307+0000] {taskinstance.py:731} INFO - ::endgroup::
[2026-03-26T10:45:56.323+0000] {weather_lithuania_dag.py:202} INFO - Attempting Beam pipeline with PortableRunner -> Flink...
[2026-03-26T10:47:22.003+0000] {weather_lithuania_dag.py:218} INFO - [Beam] Skipping fetch for 4 missing cities from input CSV
[Beam] Runner: PortableRunner
[Beam] Pipeline args: --job_endpoint beam-job-server:8099 --artifact_endpoint beam-job-server:8098 --environment_type EXTERNAL --environment_config localhost:50000 --parallelism 1 --runner PortableRunner
[Beam] Wrote 0 rows to /opt/***/project/python/output/beam/monthly_anomaly_matrix.csv
[Beam] Summary written to /opt/***/project/python/output/beam/beam_summary.json

[2026-03-26T10:47:22.047+0000] {weather_lithuania_dag.py:219} INFO - ✅ Beam pipeline completed successfully on Flink via PortableRunner
[2026-03-26T10:47:22.056+0000] {python.py:240} INFO - Done. Returned value was: None
[2026-03-26T10:47:22.226+0000] {taskinstance.py:340} INFO - ::group::Post task execution logs
[2026-03-26T10:47:22.233+0000] {taskinstance.py:352} INFO - Marking task as SUCCESS. dag_id=lithuania_weather_analysis, task_id=beam_regional_analysis, run_id=scheduled__2026-03-25T06:00:00+00:00, execution_date=20260325T060000, start_date=20260326T104556, end_date=20260326T104722
[2026-03-26T10:47:22.429+0000] {local_task_job_runner.py:266} INFO - Task exited with return code 0
[2026-03-26T10:47:22.484+0000] {local_task_job_runner.py:245} INFO - ::endgroup::
[2026-03-26T13:07:42.500+0000] {local_task_job_runner.py:123} INFO - ::group::Pre task execution logs
[2026-03-26T13:07:42.516+0000] {taskinstance.py:2613} INFO - Dependencies all met for dep_context=non-requeueable deps ti=<TaskInstance: lithuania_weather_analysis.beam_regional_analysis scheduled__2026-03-25T06:00:00+00:00 [queued]>
[2026-03-26T13:07:42.526+0000] {taskinstance.py:2613} INFO - Dependencies all met for dep_context=requeueable deps ti=<TaskInstance: lithuania_weather_analysis.beam_regional_analysis scheduled__2026-03-25T06:00:00+00:00 [queued]>
[2026-03-26T13:07:42.526+0000] {taskinstance.py:2866} INFO - Starting attempt 1 of 2
[2026-03-26T13:07:42.543+0000] {taskinstance.py:2889} INFO - Executing <Task(PythonOperator): beam_regional_analysis> on 2026-03-25 06:00:00+00:00
[2026-03-26T13:07:42.548+0000] {standard_task_runner.py:72} INFO - Started process 123 to run task
[2026-03-26T13:07:42.551+0000] {standard_task_runner.py:104} INFO - Running: ['airflow', 'tasks', 'run', 'lithuania_weather_analysis', 'beam_regional_analysis', 'scheduled__2026-03-25T06:00:00+00:00', '--job-id', '109', '--raw', '--subdir', 'DAGS_FOLDER/weather_lithuania_dag.py', '--cfg-path', '/tmp/tmpqhy365rs']
[2026-03-26T13:07:42.553+0000] {standard_task_runner.py:105} INFO - Job 109: Subtask beam_regional_analysis
[2026-03-26T13:07:42.595+0000] {task_command.py:467} INFO - Running <TaskInstance: lithuania_weather_analysis.beam_regional_analysis scheduled__2026-03-25T06:00:00+00:00 [running]> on host b2433848b8d8
[2026-03-26T13:07:42.674+0000] {taskinstance.py:3132} INFO - Exporting env vars: AIRFLOW_CTX_DAG_OWNER='airflow' AIRFLOW_CTX_DAG_ID='lithuania_weather_analysis' AIRFLOW_CTX_TASK_ID='beam_regional_analysis' AIRFLOW_CTX_EXECUTION_DATE='2026-03-25T06:00:00+00:00' AIRFLOW_CTX_TRY_NUMBER='1' AIRFLOW_CTX_DAG_RUN_ID='scheduled__2026-03-25T06:00:00+00:00'
[2026-03-26T13:07:42.675+0000] {taskinstance.py:731} INFO - ::endgroup::
[2026-03-26T13:07:42.689+0000] {weather_lithuania_dag.py:202} INFO - Attempting Beam pipeline with PortableRunner -> Flink...
[2026-03-26T13:09:38.868+0000] {weather_lithuania_dag.py:218} INFO - [Beam] Skipping fetch for 4 missing cities from input CSV
[Beam] Runner: PortableRunner
[Beam] Pipeline args: --job_endpoint beam-job-server:8099 --artifact_endpoint beam-job-server:8098 --environment_type EXTERNAL --environment_config localhost:50000 --parallelism 1 --runner PortableRunner
[Beam] Wrote 2115 rows to /opt/airflow/project/python/output/beam/monthly_anomaly_matrix.csv
[Beam] Summary written to /opt/airflow/project/python/output/beam/beam_summary.json

[2026-03-26T13:09:38.900+0000] {weather_lithuania_dag.py:219} INFO - ✅ Beam pipeline completed successfully on Flink via PortableRunner
[2026-03-26T13:09:38.906+0000] {python.py:240} INFO - Done. Returned value was: None
[2026-03-26T13:09:38.981+0000] {taskinstance.py:340} INFO - ::group::Post task execution logs
[2026-03-26T13:09:38.985+0000] {taskinstance.py:352} INFO - Marking task as SUCCESS. dag_id=lithuania_weather_analysis, task_id=beam_regional_analysis, run_id=scheduled__2026-03-25T06:00:00+00:00, execution_date=20260325T060000, start_date=20260326T130742, end_date=20260326T130938
[2026-03-26T13:09:39.071+0000] {local_task_job_runner.py:266} INFO - Task exited with return code 0
[2026-03-26T13:09:39.176+0000] {taskinstance.py:3895} INFO - 1 downstream tasks scheduled from follow-on schedule check
[2026-03-26T13:09:39.182+0000] {local_task_job_runner.py:245} INFO - ::endgroup::
