[2026-03-26T10:39:04.316+0000] {local_task_job_runner.py:123} INFO - ::group::Pre task execution logs
[2026-03-26T10:39:04.362+0000] {taskinstance.py:2613} INFO - Dependencies all met for dep_context=non-requeueable deps ti=<TaskInstance: vilnius_march_temperature_anomalies.plot_vilnius_march_anomalies scheduled__2026-03-25T07:00:00+00:00 [queued]>
[2026-03-26T10:39:04.378+0000] {taskinstance.py:2613} INFO - Dependencies all met for dep_context=requeueable deps ti=<TaskInstance: vilnius_march_temperature_anomalies.plot_vilnius_march_anomalies scheduled__2026-03-25T07:00:00+00:00 [queued]>
[2026-03-26T10:39:04.379+0000] {taskinstance.py:2866} INFO - Starting attempt 1 of 2
[2026-03-26T10:39:04.404+0000] {taskinstance.py:2889} INFO - Executing <Task(BashOperator): plot_vilnius_march_anomalies> on 2026-03-25 07:00:00+00:00
[2026-03-26T10:39:04.413+0000] {standard_task_runner.py:72} INFO - Started process 256 to run task
[2026-03-26T10:39:04.419+0000] {standard_task_runner.py:104} INFO - Running: ['***', 'tasks', 'run', 'vilnius_march_temperature_anomalies', 'plot_vilnius_march_anomalies', 'scheduled__2026-03-25T07:00:00+00:00', '--job-id', '14', '--raw', '--subdir', 'DAGS_FOLDER/vilnius_march_temperature_dag.py', '--cfg-path', '/tmp/tmpd1bxrg5v']
[2026-03-26T10:39:04.423+0000] {standard_task_runner.py:105} INFO - Job 14: Subtask plot_vilnius_march_anomalies
[2026-03-26T10:39:04.556+0000] {task_command.py:467} INFO - Running <TaskInstance: vilnius_march_temperature_anomalies.plot_vilnius_march_anomalies scheduled__2026-03-25T07:00:00+00:00 [running]> on host 1b3618507d17
[2026-03-26T10:39:04.774+0000] {taskinstance.py:3132} INFO - Exporting env vars: AIRFLOW_CTX_DAG_OWNER='***' AIRFLOW_CTX_DAG_ID='vilnius_march_temperature_anomalies' AIRFLOW_CTX_TASK_ID='plot_vilnius_march_anomalies' AIRFLOW_CTX_EXECUTION_DATE='2026-03-25T07:00:00+00:00' AIRFLOW_CTX_TRY_NUMBER='1' AIRFLOW_CTX_DAG_RUN_ID='scheduled__2026-03-25T07:00:00+00:00'
[2026-03-26T10:39:04.776+0000] {taskinstance.py:731} INFO - ::endgroup::
[2026-03-26T10:39:04.813+0000] {subprocess.py:78} INFO - Tmp dir root location: /tmp
[2026-03-26T10:39:04.813+0000] {subprocess.py:88} INFO - Running command: ['/usr/bin/bash', '-c', 'set -euo pipefail\ntest -f "/opt/***/project/python/vilnius_march_plot.py"\n"/usr/local/bin/python" "/opt/***/project/python/vilnius_march_plot.py" "--annual-input" "/opt/***/project/python/output/vilnius_march/march_temperature_anomalies.csv" "--summary-input" "/opt/***/project/python/output/vilnius_march/summary.json" "--output" "/opt/***/project/python/output/vilnius_march/march_temperature_anomalies.png"']
[2026-03-26T10:39:04.832+0000] {subprocess.py:99} INFO - Output:
[2026-03-26T10:39:09.851+0000] {subprocess.py:106} INFO - Saved Vilnius March anomaly plot to /opt/***/project/python/output/vilnius_march/march_temperature_anomalies.png
[2026-03-26T10:39:10.052+0000] {subprocess.py:110} INFO - Command exited with return code 0
[2026-03-26T10:39:10.115+0000] {taskinstance.py:340} INFO - ::group::Post task execution logs
[2026-03-26T10:39:10.116+0000] {taskinstance.py:352} INFO - Marking task as SUCCESS. dag_id=vilnius_march_temperature_anomalies, task_id=plot_vilnius_march_anomalies, run_id=scheduled__2026-03-25T07:00:00+00:00, execution_date=20260325T070000, start_date=20260326T103904, end_date=20260326T103910
[2026-03-26T10:39:10.178+0000] {local_task_job_runner.py:266} INFO - Task exited with return code 0
[2026-03-26T10:39:10.224+0000] {taskinstance.py:3895} INFO - 1 downstream tasks scheduled from follow-on schedule check
[2026-03-26T10:39:10.226+0000] {local_task_job_runner.py:245} INFO - ::endgroup::
