[2026-03-26T10:38:54.273+0000] {local_task_job_runner.py:123} INFO - ::group::Pre task execution logs
[2026-03-26T10:38:54.311+0000] {taskinstance.py:2613} INFO - Dependencies all met for dep_context=non-requeueable deps ti=<TaskInstance: lithuania_weather_analysis.fetch_weather_data scheduled__2026-03-25T06:00:00+00:00 [queued]>
[2026-03-26T10:38:54.325+0000] {taskinstance.py:2613} INFO - Dependencies all met for dep_context=requeueable deps ti=<TaskInstance: lithuania_weather_analysis.fetch_weather_data scheduled__2026-03-25T06:00:00+00:00 [queued]>
[2026-03-26T10:38:54.325+0000] {taskinstance.py:2866} INFO - Starting attempt 1 of 2
[2026-03-26T10:38:54.343+0000] {taskinstance.py:2889} INFO - Executing <Task(PythonOperator): fetch_weather_data> on 2026-03-25 06:00:00+00:00
[2026-03-26T10:38:54.353+0000] {standard_task_runner.py:72} INFO - Started process 196 to run task
[2026-03-26T10:38:54.359+0000] {standard_task_runner.py:104} INFO - Running: ['***', 'tasks', 'run', 'lithuania_weather_analysis', 'fetch_weather_data', 'scheduled__2026-03-25T06:00:00+00:00', '--job-id', '8', '--raw', '--subdir', 'DAGS_FOLDER/weather_lithuania_dag.py', '--cfg-path', '/tmp/tmp60j1vg96']
[2026-03-26T10:38:54.363+0000] {standard_task_runner.py:105} INFO - Job 8: Subtask fetch_weather_data
[2026-03-26T10:38:54.469+0000] {task_command.py:467} INFO - Running <TaskInstance: lithuania_weather_analysis.fetch_weather_data scheduled__2026-03-25T06:00:00+00:00 [running]> on host 1b3618507d17
[2026-03-26T10:38:54.652+0000] {taskinstance.py:3132} INFO - Exporting env vars: AIRFLOW_CTX_DAG_OWNER='***' AIRFLOW_CTX_DAG_ID='lithuania_weather_analysis' AIRFLOW_CTX_TASK_ID='fetch_weather_data' AIRFLOW_CTX_EXECUTION_DATE='2026-03-25T06:00:00+00:00' AIRFLOW_CTX_TRY_NUMBER='1' AIRFLOW_CTX_DAG_RUN_ID='scheduled__2026-03-25T06:00:00+00:00'
[2026-03-26T10:38:54.655+0000] {taskinstance.py:731} INFO - ::endgroup::
[2026-03-26T10:38:54.695+0000] {weather_lithuania_dag.py:104} INFO - Fetching fresh weather data...
[2026-03-26T10:38:54.696+0000] {weather_lithuania_dag.py:59} INFO - Running: /home/***/.local/bin/python /opt/***/project/python/weather_fetch.py --start-date 1991-01-01 --end-date 2026-03-25 --output /opt/***/project/python/output/weather/raw_daily_weather.csv
[2026-03-26T10:40:49.020+0000] {weather_lithuania_dag.py:70} ERROR - Script failed with exit code 1
[2026-03-26T10:40:49.020+0000] {weather_lithuania_dag.py:74} ERROR - stderr: Traceback (most recent call last):
  File "/opt/***/project/python/weather_fetch.py", line 54, in <module>
    main()
  File "/opt/***/project/python/weather_fetch.py", line 43, in main
    city_df = fetch_daily_weather(lat, lon, args.start_date, args.end_date)
              ^^^^^^^^^^^^^^^^^^^^^^^^^^^^^^^^^^^^^^^^^^^^^^^^^^^^^^^^^^^^^
  File "/opt/***/project/python/weather_common.py", line 46, in fetch_daily_weather
    with urlopen(url, timeout=60) as response:
         ^^^^^^^^^^^^^^^^^^^^^^^^
  File "/usr/local/lib/python3.12/urllib/request.py", line 215, in urlopen
    return opener.open(url, data, timeout)
           ^^^^^^^^^^^^^^^^^^^^^^^^^^^^^^^
  File "/usr/local/lib/python3.12/urllib/request.py", line 521, in open
    response = meth(req, response)
               ^^^^^^^^^^^^^^^^^^^
  File "/usr/local/lib/python3.12/urllib/request.py", line 630, in http_response
    response = self.parent.error(
               ^^^^^^^^^^^^^^^^^^
  File "/usr/local/lib/python3.12/urllib/request.py", line 559, in error
    return self._call_chain(*args)
           ^^^^^^^^^^^^^^^^^^^^^^^
  File "/usr/local/lib/python3.12/urllib/request.py", line 492, in _call_chain
    result = func(*args)
             ^^^^^^^^^^^
  File "/usr/local/lib/python3.12/urllib/request.py", line 639, in http_error_default
    raise HTTPError(req.full_url, code, msg, hdrs, fp)
urllib.error.HTTPError: HTTP Error 429: Too Many Requests

[2026-03-26T10:40:49.021+0000] {taskinstance.py:3311} ERROR - Task failed with exception
Traceback (most recent call last):
  File "/home/airflow/.local/lib/python3.12/site-packages/airflow/models/taskinstance.py", line 767, in _execute_task
    result = _execute_callable(context=context, **execute_callable_kwargs)
             ^^^^^^^^^^^^^^^^^^^^^^^^^^^^^^^^^^^^^^^^^^^^^^^^^^^^^^^^^^^^^
  File "/home/airflow/.local/lib/python3.12/site-packages/airflow/models/taskinstance.py", line 733, in _execute_callable
    return ExecutionCallableRunner(
           ^^^^^^^^^^^^^^^^^^^^^^^^
  File "/home/airflow/.local/lib/python3.12/site-packages/airflow/utils/operator_helpers.py", line 252, in run
    return self.func(*args, **kwargs)
           ^^^^^^^^^^^^^^^^^^^^^^^^^^
  File "/home/airflow/.local/lib/python3.12/site-packages/airflow/models/baseoperator.py", line 417, in wrapper
    return func(self, *args, **kwargs)
           ^^^^^^^^^^^^^^^^^^^^^^^^^^^
  File "/home/airflow/.local/lib/python3.12/site-packages/airflow/operators/python.py", line 238, in execute
    return_value = self.execute_callable()
                   ^^^^^^^^^^^^^^^^^^^^^^^
  File "/home/airflow/.local/lib/python3.12/site-packages/airflow/operators/python.py", line 256, in execute_callable
    return runner.run(*self.op_args, **self.op_kwargs)
           ^^^^^^^^^^^^^^^^^^^^^^^^^^^^^^^^^^^^^^^^^^^
  File "/home/airflow/.local/lib/python3.12/site-packages/airflow/utils/operator_helpers.py", line 252, in run
    return self.func(*args, **kwargs)
           ^^^^^^^^^^^^^^^^^^^^^^^^^^
  File "/opt/airflow/dags/weather_lithuania_dag.py", line 105, in fetch_weather_data
    run_script(
  File "/opt/airflow/dags/weather_lithuania_dag.py", line 62, in run_script
    result = subprocess.run(cmd, check=True, capture_output=True, text=True, timeout=300)
             ^^^^^^^^^^^^^^^^^^^^^^^^^^^^^^^^^^^^^^^^^^^^^^^^^^^^^^^^^^^^^^^^^^^^^^^^^^^^
  File "/usr/local/lib/python3.12/subprocess.py", line 571, in run
    raise CalledProcessError(retcode, process.args,
subprocess.CalledProcessError: Command '['/home/airflow/.local/bin/python', '/opt/airflow/project/python/weather_fetch.py', '--start-date', '1991-01-01', '--end-date', '2026-03-25', '--output', '/opt/airflow/project/python/output/weather/raw_daily_weather.csv']' returned non-zero exit status 1.
[2026-03-26T10:40:49.051+0000] {taskinstance.py:1225} INFO - Marking task as UP_FOR_RETRY. dag_id=lithuania_weather_analysis, task_id=fetch_weather_data, run_id=scheduled__2026-03-25T06:00:00+00:00, execution_date=20260325T060000, start_date=20260326T103854, end_date=20260326T104049
[2026-03-26T10:40:49.074+0000] {taskinstance.py:340} INFO - ::group::Post task execution logs
[2026-03-26T10:40:49.074+0000] {standard_task_runner.py:124} ERROR - Failed to execute job 8 for task fetch_weather_data (Command '['/home/airflow/.local/bin/python', '/opt/airflow/project/python/weather_fetch.py', '--start-date', '1991-01-01', '--end-date', '2026-03-25', '--output', '/opt/airflow/project/python/output/weather/raw_daily_weather.csv']' returned non-zero exit status 1.; 196)
Traceback (most recent call last):
  File "/home/airflow/.local/lib/python3.12/site-packages/airflow/task/task_runner/standard_task_runner.py", line 117, in _start_by_fork
    ret = args.func(args, dag=self.dag)
          ^^^^^^^^^^^^^^^^^^^^^^^^^^^^^
  File "/home/airflow/.local/lib/python3.12/site-packages/airflow/cli/cli_config.py", line 49, in command
    return func(*args, **kwargs)
           ^^^^^^^^^^^^^^^^^^^^^
  File "/home/airflow/.local/lib/python3.12/site-packages/airflow/utils/cli.py", line 116, in wrapper
    return f(*args, **kwargs)
           ^^^^^^^^^^^^^^^^^^
  File "/home/airflow/.local/lib/python3.12/site-packages/airflow/cli/commands/task_command.py", line 483, in task_run
    task_return_code = _run_task_by_selected_method(args, _dag, ti)
                       ^^^^^^^^^^^^^^^^^^^^^^^^^^^^^^^^^^^^^^^^^^^^
  File "/home/airflow/.local/lib/python3.12/site-packages/airflow/cli/commands/task_command.py", line 256, in _run_task_by_selected_method
    return _run_raw_task(args, ti)
           ^^^^^^^^^^^^^^^^^^^^^^^
  File "/home/airflow/.local/lib/python3.12/site-packages/airflow/cli/commands/task_command.py", line 341, in _run_raw_task
    return ti._run_raw_task(
           ^^^^^^^^^^^^^^^^^
  File "/home/airflow/.local/lib/python3.12/site-packages/airflow/utils/session.py", line 97, in wrapper
    return func(*args, session=session, **kwargs)
           ^^^^^^^^^^^^^^^^^^^^^^^^^^^^^^^^^^^^^^
  File "/home/airflow/.local/lib/python3.12/site-packages/airflow/models/taskinstance.py", line 3005, in _run_raw_task
    return _run_raw_task(
           ^^^^^^^^^^^^^^
  File "/home/airflow/.local/lib/python3.12/site-packages/airflow/models/taskinstance.py", line 273, in _run_raw_task
    TaskInstance._execute_task_with_callbacks(
  File "/home/airflow/.local/lib/python3.12/site-packages/airflow/models/taskinstance.py", line 3159, in _execute_task_with_callbacks
    result = self._execute_task(context, task_orig)
             ^^^^^^^^^^^^^^^^^^^^^^^^^^^^^^^^^^^^^^
  File "/home/airflow/.local/lib/python3.12/site-packages/airflow/models/taskinstance.py", line 3183, in _execute_task
    return _execute_task(self, context, task_orig)
           ^^^^^^^^^^^^^^^^^^^^^^^^^^^^^^^^^^^^^^^
  File "/home/airflow/.local/lib/python3.12/site-packages/airflow/models/taskinstance.py", line 767, in _execute_task
    result = _execute_callable(context=context, **execute_callable_kwargs)
             ^^^^^^^^^^^^^^^^^^^^^^^^^^^^^^^^^^^^^^^^^^^^^^^^^^^^^^^^^^^^^
  File "/home/airflow/.local/lib/python3.12/site-packages/airflow/models/taskinstance.py", line 733, in _execute_callable
    return ExecutionCallableRunner(
           ^^^^^^^^^^^^^^^^^^^^^^^^
  File "/home/airflow/.local/lib/python3.12/site-packages/airflow/utils/operator_helpers.py", line 252, in run
    return self.func(*args, **kwargs)
           ^^^^^^^^^^^^^^^^^^^^^^^^^^
  File "/home/airflow/.local/lib/python3.12/site-packages/airflow/models/baseoperator.py", line 417, in wrapper
    return func(self, *args, **kwargs)
           ^^^^^^^^^^^^^^^^^^^^^^^^^^^
  File "/home/airflow/.local/lib/python3.12/site-packages/airflow/operators/python.py", line 238, in execute
    return_value = self.execute_callable()
                   ^^^^^^^^^^^^^^^^^^^^^^^
  File "/home/airflow/.local/lib/python3.12/site-packages/airflow/operators/python.py", line 256, in execute_callable
    return runner.run(*self.op_args, **self.op_kwargs)
           ^^^^^^^^^^^^^^^^^^^^^^^^^^^^^^^^^^^^^^^^^^^
  File "/home/airflow/.local/lib/python3.12/site-packages/airflow/utils/operator_helpers.py", line 252, in run
    return self.func(*args, **kwargs)
           ^^^^^^^^^^^^^^^^^^^^^^^^^^
  File "/opt/airflow/dags/weather_lithuania_dag.py", line 105, in fetch_weather_data
    run_script(
  File "/opt/airflow/dags/weather_lithuania_dag.py", line 62, in run_script
    result = subprocess.run(cmd, check=True, capture_output=True, text=True, timeout=300)
             ^^^^^^^^^^^^^^^^^^^^^^^^^^^^^^^^^^^^^^^^^^^^^^^^^^^^^^^^^^^^^^^^^^^^^^^^^^^^
  File "/usr/local/lib/python3.12/subprocess.py", line 571, in run
    raise CalledProcessError(retcode, process.args,
subprocess.CalledProcessError: Command '['/home/airflow/.local/bin/python', '/opt/airflow/project/python/weather_fetch.py', '--start-date', '1991-01-01', '--end-date', '2026-03-25', '--output', '/opt/airflow/project/python/output/weather/raw_daily_weather.csv']' returned non-zero exit status 1.
[2026-03-26T10:40:49.115+0000] {local_task_job_runner.py:266} INFO - Task exited with return code 1
[2026-03-26T10:40:49.152+0000] {taskinstance.py:3895} INFO - 0 downstream tasks scheduled from follow-on schedule check
[2026-03-26T10:40:49.155+0000] {local_task_job_runner.py:245} INFO - ::endgroup::
[2026-03-26T13:04:56.341+0000] {local_task_job_runner.py:123} INFO - ::group::Pre task execution logs
[2026-03-26T13:04:56.351+0000] {taskinstance.py:2613} INFO - Dependencies all met for dep_context=non-requeueable deps ti=<TaskInstance: lithuania_weather_analysis.fetch_weather_data scheduled__2026-03-25T06:00:00+00:00 [queued]>
[2026-03-26T13:04:56.358+0000] {taskinstance.py:2613} INFO - Dependencies all met for dep_context=requeueable deps ti=<TaskInstance: lithuania_weather_analysis.fetch_weather_data scheduled__2026-03-25T06:00:00+00:00 [queued]>
[2026-03-26T13:04:56.358+0000] {taskinstance.py:2866} INFO - Starting attempt 1 of 2
[2026-03-26T13:04:56.377+0000] {taskinstance.py:2889} INFO - Executing <Task(PythonOperator): fetch_weather_data> on 2026-03-25 06:00:00+00:00
[2026-03-26T13:04:56.383+0000] {standard_task_runner.py:72} INFO - Started process 34 to run task
[2026-03-26T13:04:56.388+0000] {standard_task_runner.py:104} INFO - Running: ['airflow', 'tasks', 'run', 'lithuania_weather_analysis', 'fetch_weather_data', 'scheduled__2026-03-25T06:00:00+00:00', '--job-id', '103', '--raw', '--subdir', 'DAGS_FOLDER/weather_lithuania_dag.py', '--cfg-path', '/tmp/tmpreikvh44']
[2026-03-26T13:04:56.390+0000] {standard_task_runner.py:105} INFO - Job 103: Subtask fetch_weather_data
[2026-03-26T13:04:56.440+0000] {task_command.py:467} INFO - Running <TaskInstance: lithuania_weather_analysis.fetch_weather_data scheduled__2026-03-25T06:00:00+00:00 [running]> on host b2433848b8d8
[2026-03-26T13:04:56.691+0000] {taskinstance.py:3132} INFO - Exporting env vars: AIRFLOW_CTX_DAG_OWNER='airflow' AIRFLOW_CTX_DAG_ID='lithuania_weather_analysis' AIRFLOW_CTX_TASK_ID='fetch_weather_data' AIRFLOW_CTX_EXECUTION_DATE='2026-03-25T06:00:00+00:00' AIRFLOW_CTX_TRY_NUMBER='1' AIRFLOW_CTX_DAG_RUN_ID='scheduled__2026-03-25T06:00:00+00:00'
[2026-03-26T13:04:56.698+0000] {taskinstance.py:731} INFO - ::endgroup::
[2026-03-26T13:04:56.781+0000] {weather_lithuania_dag.py:104} INFO - Fetching fresh weather data...
[2026-03-26T13:04:56.781+0000] {weather_lithuania_dag.py:59} INFO - Running: /home/airflow/.local/bin/python /opt/airflow/project/python/weather_fetch.py --start-date 1991-01-01 --end-date 2026-03-25 --output /opt/airflow/project/python/output/weather/raw_daily_weather.csv
[2026-03-26T13:07:05.388+0000] {weather_lithuania_dag.py:64} INFO - Saved raw weather data to /opt/airflow/project/python/output/weather/raw_daily_weather.csv (64340 rows)

[2026-03-26T13:07:05.388+0000] {python.py:240} INFO - Done. Returned value was: None
[2026-03-26T13:07:05.394+0000] {taskinstance.py:340} INFO - ::group::Post task execution logs
[2026-03-26T13:07:05.394+0000] {taskinstance.py:352} INFO - Marking task as SUCCESS. dag_id=lithuania_weather_analysis, task_id=fetch_weather_data, run_id=scheduled__2026-03-25T06:00:00+00:00, execution_date=20260325T060000, start_date=20260326T130456, end_date=20260326T130705
[2026-03-26T13:07:05.432+0000] {local_task_job_runner.py:266} INFO - Task exited with return code 0
[2026-03-26T13:07:05.456+0000] {taskinstance.py:3895} INFO - 1 downstream tasks scheduled from follow-on schedule check
[2026-03-26T13:07:05.465+0000] {local_task_job_runner.py:245} INFO - ::endgroup::
