[2026-03-26T10:39:54.239+0000] {local_task_job_runner.py:123} INFO - ::group::Pre task execution logs
[2026-03-26T10:39:54.274+0000] {taskinstance.py:2613} INFO - Dependencies all met for dep_context=non-requeueable deps ti=<TaskInstance: climate_temperature_model.refresh_rag_context scheduled__2026-03-25T05:00:00+00:00 [queued]>
[2026-03-26T10:39:54.286+0000] {taskinstance.py:2613} INFO - Dependencies all met for dep_context=requeueable deps ti=<TaskInstance: climate_temperature_model.refresh_rag_context scheduled__2026-03-25T05:00:00+00:00 [queued]>
[2026-03-26T10:39:54.286+0000] {taskinstance.py:2866} INFO - Starting attempt 1 of 2
[2026-03-26T10:39:54.305+0000] {taskinstance.py:2889} INFO - Executing <Task(BashOperator): refresh_rag_context> on 2026-03-25 05:00:00+00:00
[2026-03-26T10:39:54.311+0000] {standard_task_runner.py:72} INFO - Started process 364 to run task
[2026-03-26T10:39:54.315+0000] {standard_task_runner.py:104} INFO - Running: ['***', 'tasks', 'run', 'climate_temperature_model', 'refresh_rag_context', 'scheduled__2026-03-25T05:00:00+00:00', '--job-id', '22', '--raw', '--subdir', 'DAGS_FOLDER/train_dag.py', '--cfg-path', '/tmp/tmp7adgbyg0']
[2026-03-26T10:39:54.317+0000] {standard_task_runner.py:105} INFO - Job 22: Subtask refresh_rag_context
[2026-03-26T10:39:54.407+0000] {task_command.py:467} INFO - Running <TaskInstance: climate_temperature_model.refresh_rag_context scheduled__2026-03-25T05:00:00+00:00 [running]> on host 1b3618507d17
[2026-03-26T10:39:54.554+0000] {taskinstance.py:3132} INFO - Exporting env vars: AIRFLOW_CTX_DAG_OWNER='***' AIRFLOW_CTX_DAG_ID='climate_temperature_model' AIRFLOW_CTX_TASK_ID='refresh_rag_context' AIRFLOW_CTX_EXECUTION_DATE='2026-03-25T05:00:00+00:00' AIRFLOW_CTX_TRY_NUMBER='1' AIRFLOW_CTX_DAG_RUN_ID='scheduled__2026-03-25T05:00:00+00:00'
[2026-03-26T10:39:54.554+0000] {taskinstance.py:731} INFO - ::endgroup::
[2026-03-26T10:39:54.574+0000] {subprocess.py:78} INFO - Tmp dir root location: /tmp
[2026-03-26T10:39:54.575+0000] {subprocess.py:88} INFO - Running command: ['/usr/bin/bash', '-c', 'set -euo pipefail\ntest -f "/opt/***/project/python/rag_pipeline.py"\n"/usr/local/bin/python" "/opt/***/project/python/rag_pipeline.py" "--output-dir" "/opt/***/project/python/output" "--demo-output" "/opt/***/project/python/output/rag/rag_demo.json"']
[2026-03-26T10:39:54.586+0000] {subprocess.py:99} INFO - Output:
[2026-03-26T10:39:58.912+0000] {subprocess.py:106} INFO - Vector RAG demo written to /opt/***/project/python/output/rag/rag_demo.json
[2026-03-26T10:39:59.343+0000] {subprocess.py:110} INFO - Command exited with return code 0
[2026-03-26T10:39:59.390+0000] {taskinstance.py:340} INFO - ::group::Post task execution logs
[2026-03-26T10:39:59.391+0000] {taskinstance.py:352} INFO - Marking task as SUCCESS. dag_id=climate_temperature_model, task_id=refresh_rag_context, run_id=scheduled__2026-03-25T05:00:00+00:00, execution_date=20260325T050000, start_date=20260326T103954, end_date=20260326T103959
[2026-03-26T10:39:59.423+0000] {local_task_job_runner.py:266} INFO - Task exited with return code 0
[2026-03-26T10:39:59.453+0000] {taskinstance.py:3895} INFO - 0 downstream tasks scheduled from follow-on schedule check
[2026-03-26T10:39:59.455+0000] {local_task_job_runner.py:245} INFO - ::endgroup::
