[2026-03-26T10:39:46.898+0000] {local_task_job_runner.py:123} INFO - ::group::Pre task execution logs
[2026-03-26T10:39:46.929+0000] {taskinstance.py:2613} INFO - Dependencies all met for dep_context=non-requeueable deps ti=<TaskInstance: climate_temperature_model.plot_training_metrics scheduled__2026-03-25T05:00:00+00:00 [queued]>
[2026-03-26T10:39:46.939+0000] {taskinstance.py:2613} INFO - Dependencies all met for dep_context=requeueable deps ti=<TaskInstance: climate_temperature_model.plot_training_metrics scheduled__2026-03-25T05:00:00+00:00 [queued]>
[2026-03-26T10:39:46.940+0000] {taskinstance.py:2866} INFO - Starting attempt 1 of 2
[2026-03-26T10:39:46.958+0000] {taskinstance.py:2889} INFO - Executing <Task(BashOperator): plot_training_metrics> on 2026-03-25 05:00:00+00:00
[2026-03-26T10:39:46.965+0000] {standard_task_runner.py:72} INFO - Started process 329 to run task
[2026-03-26T10:39:46.969+0000] {standard_task_runner.py:104} INFO - Running: ['***', 'tasks', 'run', 'climate_temperature_model', 'plot_training_metrics', 'scheduled__2026-03-25T05:00:00+00:00', '--job-id', '18', '--raw', '--subdir', 'DAGS_FOLDER/train_dag.py', '--cfg-path', '/tmp/tmpgv23o3gu']
[2026-03-26T10:39:46.972+0000] {standard_task_runner.py:105} INFO - Job 18: Subtask plot_training_metrics
[2026-03-26T10:39:47.112+0000] {task_command.py:467} INFO - Running <TaskInstance: climate_temperature_model.plot_training_metrics scheduled__2026-03-25T05:00:00+00:00 [running]> on host 1b3618507d17
[2026-03-26T10:39:47.272+0000] {taskinstance.py:3132} INFO - Exporting env vars: AIRFLOW_CTX_DAG_OWNER='***' AIRFLOW_CTX_DAG_ID='climate_temperature_model' AIRFLOW_CTX_TASK_ID='plot_training_metrics' AIRFLOW_CTX_EXECUTION_DATE='2026-03-25T05:00:00+00:00' AIRFLOW_CTX_TRY_NUMBER='1' AIRFLOW_CTX_DAG_RUN_ID='scheduled__2026-03-25T05:00:00+00:00'
[2026-03-26T10:39:47.273+0000] {taskinstance.py:731} INFO - ::endgroup::
[2026-03-26T10:39:47.298+0000] {subprocess.py:78} INFO - Tmp dir root location: /tmp
[2026-03-26T10:39:47.298+0000] {subprocess.py:88} INFO - Running command: ['/usr/bin/bash', '-c', 'set -euo pipefail\ntest -f "/opt/***/project/python/plot.py"\n"/usr/local/bin/python" "/opt/***/project/python/plot.py" "--metrics" "/opt/***/project/python/output/climate/climate_metrics.csv" "--output" "/opt/***/project/python/output/climate/climate_training_mse.png"']
[2026-03-26T10:39:47.312+0000] {subprocess.py:99} INFO - Output:
[2026-03-26T10:39:49.939+0000] {subprocess.py:106} INFO - Saved training plot to /opt/***/project/python/output/climate/climate_training_mse.png
[2026-03-26T10:39:50.143+0000] {subprocess.py:110} INFO - Command exited with return code 0
[2026-03-26T10:39:50.211+0000] {taskinstance.py:340} INFO - ::group::Post task execution logs
[2026-03-26T10:39:50.212+0000] {taskinstance.py:352} INFO - Marking task as SUCCESS. dag_id=climate_temperature_model, task_id=plot_training_metrics, run_id=scheduled__2026-03-25T05:00:00+00:00, execution_date=20260325T050000, start_date=20260326T103946, end_date=20260326T103950
[2026-03-26T10:39:50.251+0000] {local_task_job_runner.py:266} INFO - Task exited with return code 0
[2026-03-26T10:39:50.298+0000] {taskinstance.py:3895} INFO - 0 downstream tasks scheduled from follow-on schedule check
[2026-03-26T10:39:50.300+0000] {local_task_job_runner.py:245} INFO - ::endgroup::
