[2026-03-26T10:45:50.942+0000] {local_task_job_runner.py:123} INFO - ::group::Pre task execution logs
[2026-03-26T10:45:50.975+0000] {taskinstance.py:2613} INFO - Dependencies all met for dep_context=non-requeueable deps ti=<TaskInstance: lithuania_weather_analysis.analyze_weather scheduled__2026-03-25T06:00:00+00:00 [queued]>
[2026-03-26T10:45:50.986+0000] {taskinstance.py:2613} INFO - Dependencies all met for dep_context=requeueable deps ti=<TaskInstance: lithuania_weather_analysis.analyze_weather scheduled__2026-03-25T06:00:00+00:00 [queued]>
[2026-03-26T10:45:50.986+0000] {taskinstance.py:2866} INFO - Starting attempt 1 of 2
[2026-03-26T10:45:51.003+0000] {taskinstance.py:2889} INFO - Executing <Task(PythonOperator): analyze_weather> on 2026-03-25 06:00:00+00:00
[2026-03-26T10:45:51.008+0000] {standard_task_runner.py:72} INFO - Started process 769 to run task
[2026-03-26T10:45:51.012+0000] {standard_task_runner.py:104} INFO - Running: ['***', 'tasks', 'run', 'lithuania_weather_analysis', 'analyze_weather', 'scheduled__2026-03-25T06:00:00+00:00', '--job-id', '31', '--raw', '--subdir', 'DAGS_FOLDER/weather_lithuania_dag.py', '--cfg-path', '/tmp/tmpxeh_4jym']
[2026-03-26T10:45:51.014+0000] {standard_task_runner.py:105} INFO - Job 31: Subtask analyze_weather
[2026-03-26T10:45:51.096+0000] {task_command.py:467} INFO - Running <TaskInstance: lithuania_weather_analysis.analyze_weather scheduled__2026-03-25T06:00:00+00:00 [running]> on host 1b3618507d17
[2026-03-26T10:45:51.232+0000] {taskinstance.py:3132} INFO - Exporting env vars: AIRFLOW_CTX_DAG_OWNER='***' AIRFLOW_CTX_DAG_ID='lithuania_weather_analysis' AIRFLOW_CTX_TASK_ID='analyze_weather' AIRFLOW_CTX_EXECUTION_DATE='2026-03-25T06:00:00+00:00' AIRFLOW_CTX_TRY_NUMBER='1' AIRFLOW_CTX_DAG_RUN_ID='scheduled__2026-03-25T06:00:00+00:00'
[2026-03-26T10:45:51.233+0000] {taskinstance.py:731} INFO - ::endgroup::
[2026-03-26T10:45:51.251+0000] {weather_lithuania_dag.py:59} INFO - Running: /home/***/.local/bin/python /opt/***/project/python/weather_analyze.py --raw-input /opt/***/project/python/output/weather/raw_daily_weather.csv --country-daily-output /opt/***/project/python/output/weather/country_daily_weather.csv --annual-output /opt/***/project/python/output/weather/annual_summary.csv --city-annual-output /opt/***/project/python/output/weather/city_annual_summary.csv --summary-output /opt/***/project/python/output/weather/ytd_summary.json --city-summary-output /opt/***/project/python/output/weather/city_ytd_summary.json --report-output /opt/***/project/python/output/weather/weather_summary.md --country-daily-anomalies-output /opt/***/project/python/output/weather/country_daily_anomalies.csv --city-daily-anomalies-output /opt/***/project/python/output/weather/city_daily_anomalies.csv --country-monthly-output /opt/***/project/python/output/weather/country_monthly_anomalies.csv --city-monthly-output /opt/***/project/python/output/weather/city_monthly_anomalies.csv --city-rankings-output /opt/***/project/python/output/weather/city_rankings.json --heat-stress-output /opt/***/project/python/output/weather/heat_stress.json --current-end 2026-03-25
[2026-03-26T10:45:54.455+0000] {weather_lithuania_dag.py:64} INFO - Saved heat stress summary to /opt/***/project/python/output/weather/heat_stress.json
{
  "coverage": {
    "baseline_years": [
      1991,
      2025
    ],
    "days_observed": 84,
    "period": "01-01 to 03-25",
    "proxy_cities": [
      "Vilnius",
      "Kaunas",
      "Klaipeda",
      "Siauliai",
      "Panevezys"
    ]
  },
  "current": {
    "ytd_mean_temp": -4.717380952380952,
    "ytd_total_precip": 90.0
  },
  "current_year": 2026,
  "expected": {
    "precip_mean": 122.52114285714285,
    "precip_std": 34.61474284441348,
    "temp_mean": -1.4323183673469386,
    "temp_std": 2.2585953928543168
  },
  "precipitation": {
    "climatology_ytd_total": 118.32066666666667,
    "deviation_vs_1991_2020_mean": -32.52114285714285,
    "latest_7d_anomaly": -6.928666666666666,
    "latest_cumulative_anomaly": -28.320666666666664,
    "latest_daily_anomaly": -0.31999999999999984,
    "percent_deviation_vs_1991_2020_mean": -26.54329048747271,
    "z_score_vs_baseline": -0.9395171012339756
  },
  "temperature": {
    "climatology_ytd_mean": -1.6760238095238096,
    "deviation_vs_1991_2020_mean": -3.2850625850340136,
    "latest_30d_anomaly": 3.3090222222222225,
    "latest_7d_anomaly": 3.98352380952381,
    "latest_daily_anomaly": 7.932666666666667,
    "percent_deviation_vs_1991_2020_mean": -229.35282126688668,
    "z_score_vs_baseline": -1.4544714805614172
  }
}
Saved city summaries to /opt/***/project/python/output/weather/city_ytd_summary.json
Saved city rankings to /opt/***/project/python/output/weather/city_rankings.json
Saved markdown report to /opt/***/project/python/output/weather/weather_summary.md

[2026-03-26T10:45:54.455+0000] {python.py:240} INFO - Done. Returned value was: None
[2026-03-26T10:45:54.479+0000] {taskinstance.py:340} INFO - ::group::Post task execution logs
[2026-03-26T10:45:54.479+0000] {taskinstance.py:352} INFO - Marking task as SUCCESS. dag_id=lithuania_weather_analysis, task_id=analyze_weather, run_id=scheduled__2026-03-25T06:00:00+00:00, execution_date=20260325T060000, start_date=20260326T104550, end_date=20260326T104554
[2026-03-26T10:45:54.540+0000] {local_task_job_runner.py:266} INFO - Task exited with return code 0
[2026-03-26T10:45:54.583+0000] {taskinstance.py:3895} INFO - 0 downstream tasks scheduled from follow-on schedule check
[2026-03-26T10:45:54.585+0000] {local_task_job_runner.py:245} INFO - ::endgroup::
[2026-03-26T13:07:15.291+0000] {local_task_job_runner.py:123} INFO - ::group::Pre task execution logs
[2026-03-26T13:07:15.325+0000] {taskinstance.py:2613} INFO - Dependencies all met for dep_context=non-requeueable deps ti=<TaskInstance: lithuania_weather_analysis.analyze_weather scheduled__2026-03-25T06:00:00+00:00 [queued]>
[2026-03-26T13:07:15.348+0000] {taskinstance.py:2613} INFO - Dependencies all met for dep_context=requeueable deps ti=<TaskInstance: lithuania_weather_analysis.analyze_weather scheduled__2026-03-25T06:00:00+00:00 [queued]>
[2026-03-26T13:07:15.348+0000] {taskinstance.py:2866} INFO - Starting attempt 1 of 2
[2026-03-26T13:07:15.378+0000] {taskinstance.py:2889} INFO - Executing <Task(PythonOperator): analyze_weather> on 2026-03-25 06:00:00+00:00
[2026-03-26T13:07:15.385+0000] {standard_task_runner.py:72} INFO - Started process 62 to run task
[2026-03-26T13:07:15.391+0000] {standard_task_runner.py:104} INFO - Running: ['airflow', 'tasks', 'run', 'lithuania_weather_analysis', 'analyze_weather', 'scheduled__2026-03-25T06:00:00+00:00', '--job-id', '105', '--raw', '--subdir', 'DAGS_FOLDER/weather_lithuania_dag.py', '--cfg-path', '/tmp/tmpfqxu3_7h']
[2026-03-26T13:07:15.400+0000] {standard_task_runner.py:105} INFO - Job 105: Subtask analyze_weather
[2026-03-26T13:07:15.442+0000] {task_command.py:467} INFO - Running <TaskInstance: lithuania_weather_analysis.analyze_weather scheduled__2026-03-25T06:00:00+00:00 [running]> on host b2433848b8d8
[2026-03-26T13:07:15.513+0000] {taskinstance.py:3132} INFO - Exporting env vars: AIRFLOW_CTX_DAG_OWNER='airflow' AIRFLOW_CTX_DAG_ID='lithuania_weather_analysis' AIRFLOW_CTX_TASK_ID='analyze_weather' AIRFLOW_CTX_EXECUTION_DATE='2026-03-25T06:00:00+00:00' AIRFLOW_CTX_TRY_NUMBER='1' AIRFLOW_CTX_DAG_RUN_ID='scheduled__2026-03-25T06:00:00+00:00'
[2026-03-26T13:07:15.514+0000] {taskinstance.py:731} INFO - ::endgroup::
[2026-03-26T13:07:15.529+0000] {weather_lithuania_dag.py:59} INFO - Running: /home/airflow/.local/bin/python /opt/airflow/project/python/weather_analyze.py --raw-input /opt/airflow/project/python/output/weather/raw_daily_weather.csv --country-daily-output /opt/airflow/project/python/output/weather/country_daily_weather.csv --annual-output /opt/airflow/project/python/output/weather/annual_summary.csv --city-annual-output /opt/airflow/project/python/output/weather/city_annual_summary.csv --summary-output /opt/airflow/project/python/output/weather/ytd_summary.json --city-summary-output /opt/airflow/project/python/output/weather/city_ytd_summary.json --report-output /opt/airflow/project/python/output/weather/weather_summary.md --country-daily-anomalies-output /opt/airflow/project/python/output/weather/country_daily_anomalies.csv --city-daily-anomalies-output /opt/airflow/project/python/output/weather/city_daily_anomalies.csv --country-monthly-output /opt/airflow/project/python/output/weather/country_monthly_anomalies.csv --city-monthly-output /opt/airflow/project/python/output/weather/city_monthly_anomalies.csv --city-rankings-output /opt/airflow/project/python/output/weather/city_rankings.json --heat-stress-output /opt/airflow/project/python/output/weather/heat_stress.json --current-end 2026-03-25
[2026-03-26T13:07:18.346+0000] {weather_lithuania_dag.py:64} INFO - Saved heat stress summary to /opt/airflow/project/python/output/weather/heat_stress.json
{
  "coverage": {
    "baseline_years": [
      1991,
      2025
    ],
    "days_observed": 84,
    "period": "01-01 to 03-25",
    "proxy_cities": [
      "Vilnius",
      "Kaunas",
      "Klaipeda",
      "Siauliai",
      "Panevezys"
    ]
  },
  "current": {
    "ytd_mean_temp": -4.717380952380952,
    "ytd_total_precip": 90.0
  },
  "current_year": 2026,
  "expected": {
    "precip_mean": 122.52114285714285,
    "precip_std": 34.61474284441348,
    "temp_mean": -1.4323183673469386,
    "temp_std": 2.2585953928543168
  },
  "precipitation": {
    "climatology_ytd_total": 118.32066666666667,
    "deviation_vs_1991_2020_mean": -32.52114285714285,
    "latest_7d_anomaly": -6.928666666666666,
    "latest_cumulative_anomaly": -28.320666666666664,
    "latest_daily_anomaly": -0.31999999999999984,
    "percent_deviation_vs_1991_2020_mean": -26.54329048747271,
    "z_score_vs_baseline": -0.9395171012339756
  },
  "temperature": {
    "climatology_ytd_mean": -1.6760238095238096,
    "deviation_vs_1991_2020_mean": -3.2850625850340136,
    "latest_30d_anomaly": 3.3090222222222225,
    "latest_7d_anomaly": 3.98352380952381,
    "latest_daily_anomaly": 7.932666666666667,
    "percent_deviation_vs_1991_2020_mean": -229.35282126688668,
    "z_score_vs_baseline": -1.4544714805614172
  }
}
Saved city summaries to /opt/airflow/project/python/output/weather/city_ytd_summary.json
Saved city rankings to /opt/airflow/project/python/output/weather/city_rankings.json
Saved markdown report to /opt/airflow/project/python/output/weather/weather_summary.md

[2026-03-26T13:07:18.347+0000] {python.py:240} INFO - Done. Returned value was: None
[2026-03-26T13:07:18.353+0000] {taskinstance.py:340} INFO - ::group::Post task execution logs
[2026-03-26T13:07:18.354+0000] {taskinstance.py:352} INFO - Marking task as SUCCESS. dag_id=lithuania_weather_analysis, task_id=analyze_weather, run_id=scheduled__2026-03-25T06:00:00+00:00, execution_date=20260325T060000, start_date=20260326T130715, end_date=20260326T130718
[2026-03-26T13:07:18.395+0000] {local_task_job_runner.py:266} INFO - Task exited with return code 0
[2026-03-26T13:07:18.426+0000] {taskinstance.py:3895} INFO - 3 downstream tasks scheduled from follow-on schedule check
[2026-03-26T13:07:18.434+0000] {local_task_job_runner.py:245} INFO - ::endgroup::
