[2026-03-26T10:38:54.277+0000] {local_task_job_runner.py:123} INFO - ::group::Pre task execution logs
[2026-03-26T10:38:54.314+0000] {taskinstance.py:2613} INFO - Dependencies all met for dep_context=non-requeueable deps ti=<TaskInstance: lithuania_weather_analysis.fetch_eurostat_hdd scheduled__2026-03-25T06:00:00+00:00 [queued]>
[2026-03-26T10:38:54.328+0000] {taskinstance.py:2613} INFO - Dependencies all met for dep_context=requeueable deps ti=<TaskInstance: lithuania_weather_analysis.fetch_eurostat_hdd scheduled__2026-03-25T06:00:00+00:00 [queued]>
[2026-03-26T10:38:54.328+0000] {taskinstance.py:2866} INFO - Starting attempt 1 of 2
[2026-03-26T10:38:54.350+0000] {taskinstance.py:2889} INFO - Executing <Task(PythonOperator): fetch_eurostat_hdd> on 2026-03-25 06:00:00+00:00
[2026-03-26T10:38:54.359+0000] {standard_task_runner.py:72} INFO - Started process 199 to run task
[2026-03-26T10:38:54.363+0000] {standard_task_runner.py:104} INFO - Running: ['***', 'tasks', 'run', 'lithuania_weather_analysis', 'fetch_eurostat_hdd', 'scheduled__2026-03-25T06:00:00+00:00', '--job-id', '10', '--raw', '--subdir', 'DAGS_FOLDER/weather_lithuania_dag.py', '--cfg-path', '/tmp/tmph3ark80y']
[2026-03-26T10:38:54.366+0000] {standard_task_runner.py:105} INFO - Job 10: Subtask fetch_eurostat_hdd
[2026-03-26T10:38:54.464+0000] {task_command.py:467} INFO - Running <TaskInstance: lithuania_weather_analysis.fetch_eurostat_hdd scheduled__2026-03-25T06:00:00+00:00 [running]> on host 1b3618507d17
[2026-03-26T10:38:54.660+0000] {taskinstance.py:3132} INFO - Exporting env vars: AIRFLOW_CTX_DAG_OWNER='***' AIRFLOW_CTX_DAG_ID='lithuania_weather_analysis' AIRFLOW_CTX_TASK_ID='fetch_eurostat_hdd' AIRFLOW_CTX_EXECUTION_DATE='2026-03-25T06:00:00+00:00' AIRFLOW_CTX_TRY_NUMBER='1' AIRFLOW_CTX_DAG_RUN_ID='scheduled__2026-03-25T06:00:00+00:00'
[2026-03-26T10:38:54.661+0000] {taskinstance.py:731} INFO - ::endgroup::
[2026-03-26T10:38:54.695+0000] {weather_lithuania_dag.py:59} INFO - Running: /home/***/.local/bin/python /opt/***/project/python/eurostat_fetch.py --output /opt/***/project/python/output/weather/hdd.json
[2026-03-26T10:38:56.772+0000] {weather_lithuania_dag.py:64} INFO - Saved HDD summary to /opt/***/project/python/output/weather/hdd.json (552 monthly observations)

[2026-03-26T10:38:56.773+0000] {python.py:240} INFO - Done. Returned value was: CompletedProcess(args=['/home/airflow/.local/bin/python', '/opt/airflow/project/python/eurostat_fetch.py', '--output', '/opt/airflow/project/python/output/weather/hdd.json'], returncode=0, stdout='Saved HDD summary to /opt/airflow/project/python/output/weather/hdd.json (552 monthly observations)\n', stderr='')
[2026-03-26T10:38:56.803+0000] {xcom.py:690} ERROR - Object of type CompletedProcess is not JSON serializable. If you are using pickle instead of JSON for XCom, then you need to enable pickle support for XCom in your *** config or make sure to decorate your object with attr.
[2026-03-26T10:38:56.807+0000] {taskinstance.py:3311} ERROR - Task failed with exception
Traceback (most recent call last):
  File "/home/airflow/.local/lib/python3.12/site-packages/airflow/utils/json.py", line 92, in default
    return serialize(o)
           ^^^^^^^^^^^^
  File "/home/airflow/.local/lib/python3.12/site-packages/airflow/serialization/serde.py", line 190, in serialize
    raise TypeError(f"cannot serialize object of type {cls}")
TypeError: cannot serialize object of type <class 'subprocess.CompletedProcess'>

During handling of the above exception, another exception occurred:

Traceback (most recent call last):
  File "/home/airflow/.local/lib/python3.12/site-packages/airflow/models/taskinstance.py", line 789, in _execute_task
    task_instance.xcom_push(key=XCOM_RETURN_KEY, value=xcom_value, session=session_or_null)
  File "/home/airflow/.local/lib/python3.12/site-packages/airflow/utils/session.py", line 94, in wrapper
    return func(*args, **kwargs)
           ^^^^^^^^^^^^^^^^^^^^^
  File "/home/airflow/.local/lib/python3.12/site-packages/airflow/models/taskinstance.py", line 3639, in xcom_push
    XCom.set(
  File "/home/airflow/.local/lib/python3.12/site-packages/airflow/api_internal/internal_api_call.py", line 166, in wrapper
    return func(*args, **kwargs)
           ^^^^^^^^^^^^^^^^^^^^^
  File "/home/airflow/.local/lib/python3.12/site-packages/airflow/utils/session.py", line 94, in wrapper
    return func(*args, **kwargs)
           ^^^^^^^^^^^^^^^^^^^^^
  File "/home/airflow/.local/lib/python3.12/site-packages/airflow/models/xcom.py", line 249, in set
    value = cls.serialize_value(
            ^^^^^^^^^^^^^^^^^^^^
  File "/home/airflow/.local/lib/python3.12/site-packages/airflow/models/xcom.py", line 688, in serialize_value
    return json.dumps(value, cls=XComEncoder).encode("UTF-8")
           ^^^^^^^^^^^^^^^^^^^^^^^^^^^^^^^^^^
  File "/usr/local/lib/python3.12/json/__init__.py", line 238, in dumps
    **kw).encode(obj)
          ^^^^^^^^^^^
  File "/home/airflow/.local/lib/python3.12/site-packages/airflow/utils/json.py", line 105, in encode
    return super().encode(o)
           ^^^^^^^^^^^^^^^^^
  File "/usr/local/lib/python3.12/json/encoder.py", line 200, in encode
    chunks = self.iterencode(o, _one_shot=True)
             ^^^^^^^^^^^^^^^^^^^^^^^^^^^^^^^^^^
  File "/usr/local/lib/python3.12/json/encoder.py", line 258, in iterencode
    return _iterencode(o, 0)
           ^^^^^^^^^^^^^^^^^
  File "/home/airflow/.local/lib/python3.12/site-packages/airflow/utils/json.py", line 94, in default
    return super().default(o)
           ^^^^^^^^^^^^^^^^^^
  File "/usr/local/lib/python3.12/json/encoder.py", line 180, in default
    raise TypeError(f'Object of type {o.__class__.__name__} '
TypeError: Object of type CompletedProcess is not JSON serializable
[2026-03-26T10:38:56.849+0000] {taskinstance.py:1225} INFO - Marking task as UP_FOR_RETRY. dag_id=lithuania_weather_analysis, task_id=fetch_eurostat_hdd, run_id=scheduled__2026-03-25T06:00:00+00:00, execution_date=20260325T060000, start_date=20260326T103854, end_date=20260326T103856
[2026-03-26T10:38:56.960+0000] {taskinstance.py:340} INFO - ::group::Post task execution logs
[2026-03-26T10:38:56.961+0000] {standard_task_runner.py:124} ERROR - Failed to execute job 10 for task fetch_eurostat_hdd (Object of type CompletedProcess is not JSON serializable; 199)
Traceback (most recent call last):
  File "/home/airflow/.local/lib/python3.12/site-packages/airflow/utils/json.py", line 92, in default
    return serialize(o)
           ^^^^^^^^^^^^
  File "/home/airflow/.local/lib/python3.12/site-packages/airflow/serialization/serde.py", line 190, in serialize
    raise TypeError(f"cannot serialize object of type {cls}")
TypeError: cannot serialize object of type <class 'subprocess.CompletedProcess'>

During handling of the above exception, another exception occurred:

Traceback (most recent call last):
  File "/home/airflow/.local/lib/python3.12/site-packages/airflow/task/task_runner/standard_task_runner.py", line 117, in _start_by_fork
    ret = args.func(args, dag=self.dag)
          ^^^^^^^^^^^^^^^^^^^^^^^^^^^^^
  File "/home/airflow/.local/lib/python3.12/site-packages/airflow/cli/cli_config.py", line 49, in command
    return func(*args, **kwargs)
           ^^^^^^^^^^^^^^^^^^^^^
  File "/home/airflow/.local/lib/python3.12/site-packages/airflow/utils/cli.py", line 116, in wrapper
    return f(*args, **kwargs)
           ^^^^^^^^^^^^^^^^^^
  File "/home/airflow/.local/lib/python3.12/site-packages/airflow/cli/commands/task_command.py", line 483, in task_run
    task_return_code = _run_task_by_selected_method(args, _dag, ti)
                       ^^^^^^^^^^^^^^^^^^^^^^^^^^^^^^^^^^^^^^^^^^^^
  File "/home/airflow/.local/lib/python3.12/site-packages/airflow/cli/commands/task_command.py", line 256, in _run_task_by_selected_method
    return _run_raw_task(args, ti)
           ^^^^^^^^^^^^^^^^^^^^^^^
  File "/home/airflow/.local/lib/python3.12/site-packages/airflow/cli/commands/task_command.py", line 341, in _run_raw_task
    return ti._run_raw_task(
           ^^^^^^^^^^^^^^^^^
  File "/home/airflow/.local/lib/python3.12/site-packages/airflow/utils/session.py", line 97, in wrapper
    return func(*args, session=session, **kwargs)
           ^^^^^^^^^^^^^^^^^^^^^^^^^^^^^^^^^^^^^^
  File "/home/airflow/.local/lib/python3.12/site-packages/airflow/models/taskinstance.py", line 3005, in _run_raw_task
    return _run_raw_task(
           ^^^^^^^^^^^^^^
  File "/home/airflow/.local/lib/python3.12/site-packages/airflow/models/taskinstance.py", line 273, in _run_raw_task
    TaskInstance._execute_task_with_callbacks(
  File "/home/airflow/.local/lib/python3.12/site-packages/airflow/models/taskinstance.py", line 3159, in _execute_task_with_callbacks
    result = self._execute_task(context, task_orig)
             ^^^^^^^^^^^^^^^^^^^^^^^^^^^^^^^^^^^^^^
  File "/home/airflow/.local/lib/python3.12/site-packages/airflow/models/taskinstance.py", line 3183, in _execute_task
    return _execute_task(self, context, task_orig)
           ^^^^^^^^^^^^^^^^^^^^^^^^^^^^^^^^^^^^^^^
  File "/home/airflow/.local/lib/python3.12/site-packages/airflow/models/taskinstance.py", line 789, in _execute_task
    task_instance.xcom_push(key=XCOM_RETURN_KEY, value=xcom_value, session=session_or_null)
  File "/home/airflow/.local/lib/python3.12/site-packages/airflow/utils/session.py", line 94, in wrapper
    return func(*args, **kwargs)
           ^^^^^^^^^^^^^^^^^^^^^
  File "/home/airflow/.local/lib/python3.12/site-packages/airflow/models/taskinstance.py", line 3639, in xcom_push
    XCom.set(
  File "/home/airflow/.local/lib/python3.12/site-packages/airflow/api_internal/internal_api_call.py", line 166, in wrapper
    return func(*args, **kwargs)
           ^^^^^^^^^^^^^^^^^^^^^
  File "/home/airflow/.local/lib/python3.12/site-packages/airflow/utils/session.py", line 94, in wrapper
    return func(*args, **kwargs)
           ^^^^^^^^^^^^^^^^^^^^^
  File "/home/airflow/.local/lib/python3.12/site-packages/airflow/models/xcom.py", line 249, in set
    value = cls.serialize_value(
            ^^^^^^^^^^^^^^^^^^^^
  File "/home/airflow/.local/lib/python3.12/site-packages/airflow/models/xcom.py", line 688, in serialize_value
    return json.dumps(value, cls=XComEncoder).encode("UTF-8")
           ^^^^^^^^^^^^^^^^^^^^^^^^^^^^^^^^^^
  File "/usr/local/lib/python3.12/json/__init__.py", line 238, in dumps
    **kw).encode(obj)
          ^^^^^^^^^^^
  File "/home/airflow/.local/lib/python3.12/site-packages/airflow/utils/json.py", line 105, in encode
    return super().encode(o)
           ^^^^^^^^^^^^^^^^^
  File "/usr/local/lib/python3.12/json/encoder.py", line 200, in encode
    chunks = self.iterencode(o, _one_shot=True)
             ^^^^^^^^^^^^^^^^^^^^^^^^^^^^^^^^^^
  File "/usr/local/lib/python3.12/json/encoder.py", line 258, in iterencode
    return _iterencode(o, 0)
           ^^^^^^^^^^^^^^^^^
  File "/home/airflow/.local/lib/python3.12/site-packages/airflow/utils/json.py", line 94, in default
    return super().default(o)
           ^^^^^^^^^^^^^^^^^^
  File "/usr/local/lib/python3.12/json/encoder.py", line 180, in default
    raise TypeError(f'Object of type {o.__class__.__name__} '
TypeError: Object of type CompletedProcess is not JSON serializable
[2026-03-26T10:38:57.018+0000] {local_task_job_runner.py:266} INFO - Task exited with return code 1
[2026-03-26T10:38:57.090+0000] {taskinstance.py:3895} INFO - 0 downstream tasks scheduled from follow-on schedule check
[2026-03-26T10:38:57.093+0000] {local_task_job_runner.py:245} INFO - ::endgroup::
[2026-03-26T13:07:09.604+0000] {local_task_job_runner.py:123} INFO - ::group::Pre task execution logs
[2026-03-26T13:07:09.614+0000] {taskinstance.py:2613} INFO - Dependencies all met for dep_context=non-requeueable deps ti=<TaskInstance: lithuania_weather_analysis.fetch_eurostat_hdd scheduled__2026-03-25T06:00:00+00:00 [queued]>
[2026-03-26T13:07:09.621+0000] {taskinstance.py:2613} INFO - Dependencies all met for dep_context=requeueable deps ti=<TaskInstance: lithuania_weather_analysis.fetch_eurostat_hdd scheduled__2026-03-25T06:00:00+00:00 [queued]>
[2026-03-26T13:07:09.621+0000] {taskinstance.py:2866} INFO - Starting attempt 1 of 2
[2026-03-26T13:07:09.638+0000] {taskinstance.py:2889} INFO - Executing <Task(PythonOperator): fetch_eurostat_hdd> on 2026-03-25 06:00:00+00:00
[2026-03-26T13:07:09.642+0000] {standard_task_runner.py:72} INFO - Started process 50 to run task
[2026-03-26T13:07:09.645+0000] {standard_task_runner.py:104} INFO - Running: ['airflow', 'tasks', 'run', 'lithuania_weather_analysis', 'fetch_eurostat_hdd', 'scheduled__2026-03-25T06:00:00+00:00', '--job-id', '104', '--raw', '--subdir', 'DAGS_FOLDER/weather_lithuania_dag.py', '--cfg-path', '/tmp/tmp2rx1d7oo']
[2026-03-26T13:07:09.648+0000] {standard_task_runner.py:105} INFO - Job 104: Subtask fetch_eurostat_hdd
[2026-03-26T13:07:09.687+0000] {task_command.py:467} INFO - Running <TaskInstance: lithuania_weather_analysis.fetch_eurostat_hdd scheduled__2026-03-25T06:00:00+00:00 [running]> on host b2433848b8d8
[2026-03-26T13:07:09.763+0000] {taskinstance.py:3132} INFO - Exporting env vars: AIRFLOW_CTX_DAG_OWNER='airflow' AIRFLOW_CTX_DAG_ID='lithuania_weather_analysis' AIRFLOW_CTX_TASK_ID='fetch_eurostat_hdd' AIRFLOW_CTX_EXECUTION_DATE='2026-03-25T06:00:00+00:00' AIRFLOW_CTX_TRY_NUMBER='1' AIRFLOW_CTX_DAG_RUN_ID='scheduled__2026-03-25T06:00:00+00:00'
[2026-03-26T13:07:09.764+0000] {taskinstance.py:731} INFO - ::endgroup::
[2026-03-26T13:07:09.778+0000] {weather_lithuania_dag.py:59} INFO - Running: /home/airflow/.local/bin/python /opt/airflow/project/python/eurostat_fetch.py --output /opt/airflow/project/python/output/weather/hdd.json
[2026-03-26T13:07:10.657+0000] {weather_lithuania_dag.py:64} INFO - Saved HDD summary to /opt/airflow/project/python/output/weather/hdd.json (552 monthly observations)

[2026-03-26T13:07:10.657+0000] {python.py:240} INFO - Done. Returned value was: None
[2026-03-26T13:07:10.662+0000] {taskinstance.py:340} INFO - ::group::Post task execution logs
[2026-03-26T13:07:10.662+0000] {taskinstance.py:352} INFO - Marking task as SUCCESS. dag_id=lithuania_weather_analysis, task_id=fetch_eurostat_hdd, run_id=scheduled__2026-03-25T06:00:00+00:00, execution_date=20260325T060000, start_date=20260326T130709, end_date=20260326T130710
[2026-03-26T13:07:10.711+0000] {local_task_job_runner.py:266} INFO - Task exited with return code 0
[2026-03-26T13:07:10.728+0000] {taskinstance.py:3895} INFO - 0 downstream tasks scheduled from follow-on schedule check
[2026-03-26T13:07:10.728+0000] {local_task_job_runner.py:245} INFO - ::endgroup::
