[2026-03-26T10:45:54.830+0000] {local_task_job_runner.py:123} INFO - ::group::Pre task execution logs
[2026-03-26T10:45:54.866+0000] {taskinstance.py:2613} INFO - Dependencies all met for dep_context=non-requeueable deps ti=<TaskInstance: lithuania_weather_analysis.plot_weather_anomalies scheduled__2026-03-25T06:00:00+00:00 [queued]>
[2026-03-26T10:45:54.878+0000] {taskinstance.py:2613} INFO - Dependencies all met for dep_context=requeueable deps ti=<TaskInstance: lithuania_weather_analysis.plot_weather_anomalies scheduled__2026-03-25T06:00:00+00:00 [queued]>
[2026-03-26T10:45:54.879+0000] {taskinstance.py:2866} INFO - Starting attempt 1 of 2
[2026-03-26T10:45:54.897+0000] {taskinstance.py:2889} INFO - Executing <Task(PythonOperator): plot_weather_anomalies> on 2026-03-25 06:00:00+00:00
[2026-03-26T10:45:54.904+0000] {standard_task_runner.py:72} INFO - Started process 783 to run task
[2026-03-26T10:45:54.908+0000] {standard_task_runner.py:104} INFO - Running: ['***', 'tasks', 'run', 'lithuania_weather_analysis', 'plot_weather_anomalies', 'scheduled__2026-03-25T06:00:00+00:00', '--job-id', '33', '--raw', '--subdir', 'DAGS_FOLDER/weather_lithuania_dag.py', '--cfg-path', '/tmp/tmpf00kh3ol']
[2026-03-26T10:45:54.912+0000] {standard_task_runner.py:105} INFO - Job 33: Subtask plot_weather_anomalies
[2026-03-26T10:45:54.998+0000] {task_command.py:467} INFO - Running <TaskInstance: lithuania_weather_analysis.plot_weather_anomalies scheduled__2026-03-25T06:00:00+00:00 [running]> on host 1b3618507d17
[2026-03-26T10:45:55.131+0000] {taskinstance.py:3132} INFO - Exporting env vars: AIRFLOW_CTX_DAG_OWNER='***' AIRFLOW_CTX_DAG_ID='lithuania_weather_analysis' AIRFLOW_CTX_TASK_ID='plot_weather_anomalies' AIRFLOW_CTX_EXECUTION_DATE='2026-03-25T06:00:00+00:00' AIRFLOW_CTX_TRY_NUMBER='1' AIRFLOW_CTX_DAG_RUN_ID='scheduled__2026-03-25T06:00:00+00:00'
[2026-03-26T10:45:55.132+0000] {taskinstance.py:731} INFO - ::endgroup::
[2026-03-26T10:45:55.153+0000] {weather_lithuania_dag.py:59} INFO - Running: /home/***/.local/bin/python /opt/***/project/python/weather_plot.py --annual-input /opt/***/project/python/output/weather/annual_summary.csv --summary-input /opt/***/project/python/output/weather/ytd_summary.json --city-summary-input /opt/***/project/python/output/weather/city_ytd_summary.json --country-daily-input /opt/***/project/python/output/weather/country_daily_anomalies.csv --country-monthly-input /opt/***/project/python/output/weather/country_monthly_anomalies.csv --city-daily-input /opt/***/project/python/output/weather/city_daily_anomalies.csv --city-monthly-input /opt/***/project/python/output/weather/city_monthly_anomalies.csv --city-plots-dir /opt/***/project/python/output/weather/cities --output /opt/***/project/python/output/weather/weather_anomalies.png
[2026-03-26T10:45:59.381+0000] {weather_lithuania_dag.py:64} INFO - Saved weather anomaly plot to /opt/***/project/python/output/weather/weather_anomalies.png
Saved city weather plot to /opt/***/project/python/output/weather/cities/kaunas.png
Saved city weather plot to /opt/***/project/python/output/weather/cities/klaipeda.png
Saved city weather plot to /opt/***/project/python/output/weather/cities/panevezys.png
Saved city weather plot to /opt/***/project/python/output/weather/cities/siauliai.png
Saved city weather plot to /opt/***/project/python/output/weather/cities/vilnius.png

[2026-03-26T10:45:59.381+0000] {python.py:240} INFO - Done. Returned value was: None
[2026-03-26T10:45:59.400+0000] {taskinstance.py:340} INFO - ::group::Post task execution logs
[2026-03-26T10:45:59.401+0000] {taskinstance.py:352} INFO - Marking task as SUCCESS. dag_id=lithuania_weather_analysis, task_id=plot_weather_anomalies, run_id=scheduled__2026-03-25T06:00:00+00:00, execution_date=20260325T060000, start_date=20260326T104554, end_date=20260326T104559
[2026-03-26T10:45:59.779+0000] {local_task_job_runner.py:266} INFO - Task exited with return code 0
[2026-03-26T10:45:59.810+0000] {taskinstance.py:3895} INFO - 0 downstream tasks scheduled from follow-on schedule check
[2026-03-26T10:45:59.812+0000] {local_task_job_runner.py:245} INFO - ::endgroup::
[2026-03-26T13:07:25.410+0000] {local_task_job_runner.py:123} INFO - ::group::Pre task execution logs
[2026-03-26T13:07:25.424+0000] {taskinstance.py:2613} INFO - Dependencies all met for dep_context=non-requeueable deps ti=<TaskInstance: lithuania_weather_analysis.plot_weather_anomalies scheduled__2026-03-25T06:00:00+00:00 [queued]>
[2026-03-26T13:07:25.436+0000] {taskinstance.py:2613} INFO - Dependencies all met for dep_context=requeueable deps ti=<TaskInstance: lithuania_weather_analysis.plot_weather_anomalies scheduled__2026-03-25T06:00:00+00:00 [queued]>
[2026-03-26T13:07:25.436+0000] {taskinstance.py:2866} INFO - Starting attempt 1 of 2
[2026-03-26T13:07:25.457+0000] {taskinstance.py:2889} INFO - Executing <Task(PythonOperator): plot_weather_anomalies> on 2026-03-25 06:00:00+00:00
[2026-03-26T13:07:25.462+0000] {standard_task_runner.py:72} INFO - Started process 88 to run task
[2026-03-26T13:07:25.466+0000] {standard_task_runner.py:104} INFO - Running: ['airflow', 'tasks', 'run', 'lithuania_weather_analysis', 'plot_weather_anomalies', 'scheduled__2026-03-25T06:00:00+00:00', '--job-id', '107', '--raw', '--subdir', 'DAGS_FOLDER/weather_lithuania_dag.py', '--cfg-path', '/tmp/tmp99y0c3rf']
[2026-03-26T13:07:25.469+0000] {standard_task_runner.py:105} INFO - Job 107: Subtask plot_weather_anomalies
[2026-03-26T13:07:25.517+0000] {task_command.py:467} INFO - Running <TaskInstance: lithuania_weather_analysis.plot_weather_anomalies scheduled__2026-03-25T06:00:00+00:00 [running]> on host b2433848b8d8
[2026-03-26T13:07:25.609+0000] {taskinstance.py:3132} INFO - Exporting env vars: AIRFLOW_CTX_DAG_OWNER='airflow' AIRFLOW_CTX_DAG_ID='lithuania_weather_analysis' AIRFLOW_CTX_TASK_ID='plot_weather_anomalies' AIRFLOW_CTX_EXECUTION_DATE='2026-03-25T06:00:00+00:00' AIRFLOW_CTX_TRY_NUMBER='1' AIRFLOW_CTX_DAG_RUN_ID='scheduled__2026-03-25T06:00:00+00:00'
[2026-03-26T13:07:25.609+0000] {taskinstance.py:731} INFO - ::endgroup::
[2026-03-26T13:07:25.625+0000] {weather_lithuania_dag.py:59} INFO - Running: /home/airflow/.local/bin/python /opt/airflow/project/python/weather_plot.py --annual-input /opt/airflow/project/python/output/weather/annual_summary.csv --summary-input /opt/airflow/project/python/output/weather/ytd_summary.json --city-summary-input /opt/airflow/project/python/output/weather/city_ytd_summary.json --country-daily-input /opt/airflow/project/python/output/weather/country_daily_anomalies.csv --country-monthly-input /opt/airflow/project/python/output/weather/country_monthly_anomalies.csv --city-daily-input /opt/airflow/project/python/output/weather/city_daily_anomalies.csv --city-monthly-input /opt/airflow/project/python/output/weather/city_monthly_anomalies.csv --city-plots-dir /opt/airflow/project/python/output/weather/cities --output /opt/airflow/project/python/output/weather/weather_anomalies.png
[2026-03-26T13:07:32.776+0000] {weather_lithuania_dag.py:64} INFO - Saved weather anomaly plot to /opt/airflow/project/python/output/weather/weather_anomalies.png
Saved city weather plot to /opt/airflow/project/python/output/weather/cities/kaunas.png
Saved city weather plot to /opt/airflow/project/python/output/weather/cities/klaipeda.png
Saved city weather plot to /opt/airflow/project/python/output/weather/cities/panevezys.png
Saved city weather plot to /opt/airflow/project/python/output/weather/cities/siauliai.png
Saved city weather plot to /opt/airflow/project/python/output/weather/cities/vilnius.png

[2026-03-26T13:07:32.776+0000] {python.py:240} INFO - Done. Returned value was: None
[2026-03-26T13:07:32.783+0000] {taskinstance.py:340} INFO - ::group::Post task execution logs
[2026-03-26T13:07:32.784+0000] {taskinstance.py:352} INFO - Marking task as SUCCESS. dag_id=lithuania_weather_analysis, task_id=plot_weather_anomalies, run_id=scheduled__2026-03-25T06:00:00+00:00, execution_date=20260325T060000, start_date=20260326T130725, end_date=20260326T130732
[2026-03-26T13:07:32.840+0000] {local_task_job_runner.py:266} INFO - Task exited with return code 0
[2026-03-26T13:07:32.867+0000] {taskinstance.py:3895} INFO - 0 downstream tasks scheduled from follow-on schedule check
[2026-03-26T13:07:32.869+0000] {local_task_job_runner.py:245} INFO - ::endgroup::
