[2026-03-26T11:33:51.579+0000] {local_task_job_runner.py:123} INFO - ::group::Pre task execution logs
[2026-03-26T11:33:51.635+0000] {taskinstance.py:2613} INFO - Dependencies all met for dep_context=non-requeueable deps ti=<TaskInstance: lithuania_weather_analysis.beam_regional_analysis manual__2026-03-26T11:33:38.211028+00:00 [queued]>
[2026-03-26T11:33:51.657+0000] {taskinstance.py:2613} INFO - Dependencies all met for dep_context=requeueable deps ti=<TaskInstance: lithuania_weather_analysis.beam_regional_analysis manual__2026-03-26T11:33:38.211028+00:00 [queued]>
[2026-03-26T11:33:51.657+0000] {taskinstance.py:2866} INFO - Starting attempt 1 of 2
[2026-03-26T11:33:51.680+0000] {taskinstance.py:2889} INFO - Executing <Task(PythonOperator): beam_regional_analysis> on 2026-03-26 11:33:38.211028+00:00
[2026-03-26T11:33:51.688+0000] {standard_task_runner.py:72} INFO - Started process 3391 to run task
[2026-03-26T11:33:51.692+0000] {standard_task_runner.py:104} INFO - Running: ['***', 'tasks', 'run', 'lithuania_weather_analysis', 'beam_regional_analysis', 'manual__2026-03-26T11:33:38.211028+00:00', '--job-id', '42', '--raw', '--subdir', 'DAGS_FOLDER/weather_lithuania_dag.py', '--cfg-path', '/tmp/tmpqbvdpzkz']
[2026-03-26T11:33:51.696+0000] {standard_task_runner.py:105} INFO - Job 42: Subtask beam_regional_analysis
[2026-03-26T11:33:51.807+0000] {task_command.py:467} INFO - Running <TaskInstance: lithuania_weather_analysis.beam_regional_analysis manual__2026-03-26T11:33:38.211028+00:00 [running]> on host 1b3618507d17
[2026-03-26T11:33:51.980+0000] {taskinstance.py:3132} INFO - Exporting env vars: AIRFLOW_CTX_DAG_OWNER='***' AIRFLOW_CTX_DAG_ID='lithuania_weather_analysis' AIRFLOW_CTX_TASK_ID='beam_regional_analysis' AIRFLOW_CTX_EXECUTION_DATE='2026-03-26T11:33:38.211028+00:00' AIRFLOW_CTX_TRY_NUMBER='1' AIRFLOW_CTX_DAG_RUN_ID='manual__2026-03-26T11:33:38.211028+00:00'
[2026-03-26T11:33:51.982+0000] {taskinstance.py:731} INFO - ::endgroup::
[2026-03-26T11:33:52.004+0000] {weather_lithuania_dag.py:202} INFO - Attempting Beam pipeline with PortableRunner -> Flink...
[2026-03-26T11:36:35.424+0000] {weather_lithuania_dag.py:218} INFO - [Beam] Skipping fetch for 4 missing cities from input CSV
[Beam] Runner: PortableRunner
[Beam] Pipeline args: --job_endpoint beam-job-server:8099 --artifact_endpoint beam-job-server:8098 --environment_type EXTERNAL --environment_config localhost:50000 --parallelism 1 --runner PortableRunner
[Beam] Wrote 0 rows to /opt/***/project/python/output/beam/monthly_anomaly_matrix.csv
[Beam] Summary written to /opt/***/project/python/output/beam/beam_summary.json

[2026-03-26T11:36:35.521+0000] {weather_lithuania_dag.py:219} INFO - ✅ Beam pipeline completed successfully on Flink via PortableRunner
[2026-03-26T11:36:35.562+0000] {python.py:240} INFO - Done. Returned value was: None
[2026-03-26T11:36:35.893+0000] {taskinstance.py:340} INFO - ::group::Post task execution logs
[2026-03-26T11:36:35.902+0000] {taskinstance.py:352} INFO - Marking task as SUCCESS. dag_id=lithuania_weather_analysis, task_id=beam_regional_analysis, run_id=manual__2026-03-26T11:33:38.211028+00:00, execution_date=20260326T113338, start_date=20260326T113351, end_date=20260326T113635
[2026-03-26T11:36:36.184+0000] {local_task_job_runner.py:266} INFO - Task exited with return code 0
[2026-03-26T11:36:37.131+0000] {taskinstance.py:3895} INFO - 0 downstream tasks scheduled from follow-on schedule check
[2026-03-26T11:36:37.135+0000] {local_task_job_runner.py:245} INFO - ::endgroup::
